#
# There is insufficient memory for the Java Runtime Environment to continue.
# Native memory allocation (malloc) failed to allocate 916176 bytes for Chunk::new
# Possible reasons:
#   The system is out of physical RAM or swap space
#   In 32 bit mode, the process size limit was hit
# Possible solutions:
#   Reduce memory load on the system
#   Increase physical memory or swap space
#   Check if swap backing store is full
#   Use 64 bit Java on a 64 bit OS
#   Decrease Java heap size (-Xmx/-Xms)
#   Decrease number of Java threads
#   Decrease Java thread stack sizes (-Xss)
#   Set larger code cache with -XX:ReservedCodeCacheSize=
# This output file may be truncated or incomplete.
#
#  Out of Memory Error (allocation.cpp:390), pid=16820, tid=0x00000000000042a4
#
# JRE version: Java(TM) SE Runtime Environment (8.0_102-b14) (build 1.8.0_102-b14)
# Java VM: Java HotSpot(TM) 64-Bit Server VM (25.102-b14 mixed mode windows-amd64 compressed oops)
# Failed to write core dump. Minidumps are not enabled by default on client versions of Windows
#

---------------  T H R E A D  ---------------

Current thread (0x00000000181f8000):  JavaThread "C2 CompilerThread0" daemon [_thread_in_native, id=17060, stack(0x0000000019820000,0x0000000019920000)]

Stack: [0x0000000019820000,0x0000000019920000]
[error occurred during error reporting (printing stack bounds), id 0xc0000005]

Native frames: (J=compiled Java code, j=interpreted, Vv=VM code, C=native code)


Current CompileTask:
C2:   4440 1626       4       java.net.URLClassLoader$1::run (5 bytes)


---------------  P R O C E S S  ---------------

Java Threads: ( => current thread )
  0x000000001a91e000 JavaThread "ReaderThread" [_thread_in_native, id=15768, stack(0x000000001b9f0000,0x000000001baf0000)]
  0x0000000019b50800 JavaThread "Service Thread" daemon [_thread_blocked, id=14472, stack(0x0000000019f20000,0x000000001a020000)]
  0x0000000018202000 JavaThread "C1 CompilerThread2" daemon [_thread_blocked, id=1976, stack(0x0000000019a20000,0x0000000019b20000)]
  0x0000000018202800 JavaThread "C2 CompilerThread1" daemon [_thread_in_native, id=5372, stack(0x0000000019920000,0x0000000019a20000)]
=>0x00000000181f8000 JavaThread "C2 CompilerThread0" daemon [_thread_in_native, id=17060, stack(0x0000000019820000,0x0000000019920000)]
  0x00000000181f6800 JavaThread "Attach Listener" daemon [_thread_blocked, id=16840, stack(0x0000000019720000,0x0000000019820000)]
  0x00000000181f5800 JavaThread "Signal Dispatcher" daemon [_thread_blocked, id=17012, stack(0x0000000019620000,0x0000000019720000)]
  0x00000000181e0000 JavaThread "Finalizer" daemon [_thread_blocked, id=17372, stack(0x0000000019440000,0x0000000019540000)]
  0x00000000181b8800 JavaThread "Reference Handler" daemon [_thread_blocked, id=15204, stack(0x0000000019340000,0x0000000019440000)]
  0x00000000035b9800 JavaThread "main" [_thread_in_vm, id=14020, stack(0x00000000034b0000,0x00000000035b0000)]

Other Threads:
  0x00000000181b7000 VMThread [stack: 0x0000000019240000,0x0000000019340000] [id=16088]
  0x0000000019bb7000 WatcherThread [stack: 0x000000001a020000,0x000000001a120000] [id=5528]

VM state:not at safepoint (normal execution)

VM Mutex/Monitor currently owned by a thread: None

Heap:
 PSYoungGen      total 56320K, used 36483K [0x00000000d5e00000, 0x00000000d9b80000, 0x0000000100000000)
  eden space 51200K, 71% used [0x00000000d5e00000,0x00000000d81a0e98,0x00000000d9000000)
  from space 5120K, 0% used [0x00000000d9180000,0x00000000d9180000,0x00000000d9680000)
  to   space 5120K, 0% used [0x00000000d9680000,0x00000000d9680000,0x00000000d9b80000)
 ParOldGen       total 48640K, used 6495K [0x0000000081a00000, 0x0000000084980000, 0x00000000d5e00000)
  object space 48640K, 13% used [0x0000000081a00000,0x0000000082057f48,0x0000000084980000)
 Metaspace       used 24363K, capacity 24528K, committed 25088K, reserved 1073152K
  class space    used 3160K, capacity 3243K, committed 3328K, reserved 1048576K

Card table byte_map: [0x0000000012a70000,0x0000000012e70000] byte_map_base: 0x0000000012663000

Marking Bits: (ParMarkBitMap*) 0x0000000054c5a6c0
 Begin Bits: [0x0000000013520000, 0x00000000154b8000)
 End Bits:   [0x00000000154b8000, 0x0000000017450000)

Polling page: 0x0000000001940000

CodeCache: size=245760Kb used=5860Kb max_used=5871Kb free=239899Kb
 bounds [0x00000000036b0000, 0x0000000003c70000, 0x00000000126b0000]
 total_blobs=2060 nmethods=1629 adapters=343
 compilation: enabled

Compilation events (10 events):
Event: 4.334 Thread 0x0000000018202000 nmethod 1627% 0x0000000003c6ac50 code [0x0000000003c6ae60, 0x0000000003c6bae8]
Event: 4.334 Thread 0x0000000018202000 1628 %     3       org.antlr.runtime.DFA::unpackEncodedString @ 4 (95 bytes)
Event: 4.335 Thread 0x0000000018202000 nmethod 1628% 0x0000000003c5f850 code [0x0000000003c5fa60, 0x0000000003c60668]
Event: 4.335 Thread 0x0000000018202800 1629 %     4       org.antlr.runtime.DFA::unpackEncodedString @ 65 (95 bytes)
Event: 4.340 Thread 0x0000000018202800 nmethod 1629% 0x0000000003c6e950 code [0x0000000003c6eaa0, 0x0000000003c6ed78]
Event: 4.340 Thread 0x0000000018202800 1630   !   4       java.net.URLClassLoader::findClass (47 bytes)
Event: 4.344 Thread 0x0000000018202800 nmethod 1630 0x0000000003c62450 code [0x0000000003c625e0, 0x0000000003c627d8]
Event: 4.371 Thread 0x0000000018202800 1631   !   4       sun.misc.URLClassPath$JarLoader::getResource (349 bytes)
Event: 4.427 Thread 0x0000000018202000 1634       3       org.antlr.runtime.BitSet::<init> (10 bytes)
Event: 4.427 Thread 0x0000000018202000 nmethod 1634 0x0000000003c6a890 code [0x0000000003c6a9e0, 0x0000000003c6abb0]

GC Heap History (10 events):
Event: 1.601 GC heap before
{Heap before GC invocations=3 (full 1):
 PSYoungGen      total 38400K, used 2588K [0x00000000d5e00000, 0x00000000d8880000, 0x0000000100000000)
  eden space 33280K, 0% used [0x00000000d5e00000,0x00000000d5e00000,0x00000000d7e80000)
  from space 5120K, 50% used [0x00000000d8380000,0x00000000d8607220,0x00000000d8880000)
  to   space 5120K, 0% used [0x00000000d7e80000,0x00000000d7e80000,0x00000000d8380000)
 ParOldGen       total 87552K, used 80K [0x0000000081a00000, 0x0000000086f80000, 0x00000000d5e00000)
  object space 87552K, 0% used [0x0000000081a00000,0x0000000081a14010,0x0000000086f80000)
 Metaspace       used 9527K, capacity 9606K, committed 9728K, reserved 1062912K
  class space    used 1151K, capacity 1203K, committed 1280K, reserved 1048576K
Event: 1.625 GC heap after
Heap after GC invocations=3 (full 1):
 PSYoungGen      total 38400K, used 0K [0x00000000d5e00000, 0x00000000d8880000, 0x0000000100000000)
  eden space 33280K, 0% used [0x00000000d5e00000,0x00000000d5e00000,0x00000000d7e80000)
  from space 5120K, 0% used [0x00000000d8380000,0x00000000d8380000,0x00000000d8880000)
  to   space 5120K, 0% used [0x00000000d7e80000,0x00000000d7e80000,0x00000000d8380000)
 ParOldGen       total 48640K, used 2537K [0x0000000081a00000, 0x0000000084980000, 0x00000000d5e00000)
  object space 48640K, 5% used [0x0000000081a00000,0x0000000081c7a660,0x0000000084980000)
 Metaspace       used 9527K, capacity 9606K, committed 9728K, reserved 1060864K
  class space    used 1151K, capacity 1203K, committed 1280K, reserved 1048576K
}
Event: 2.384 GC heap before
{Heap before GC invocations=4 (full 1):
 PSYoungGen      total 38400K, used 33280K [0x00000000d5e00000, 0x00000000d8880000, 0x0000000100000000)
  eden space 33280K, 100% used [0x00000000d5e00000,0x00000000d7e80000,0x00000000d7e80000)
  from space 5120K, 0% used [0x00000000d8380000,0x00000000d8380000,0x00000000d8880000)
  to   space 5120K, 0% used [0x00000000d7e80000,0x00000000d7e80000,0x00000000d8380000)
 ParOldGen       total 48640K, used 2537K [0x0000000081a00000, 0x0000000084980000, 0x00000000d5e00000)
  object space 48640K, 5% used [0x0000000081a00000,0x0000000081c7a660,0x0000000084980000)
 Metaspace       used 14897K, capacity 15012K, committed 15360K, reserved 1064960K
  class space    used 1899K, capacity 1949K, committed 2048K, reserved 1048576K
Event: 2.390 GC heap after
Heap after GC invocations=4 (full 1):
 PSYoungGen      total 38400K, used 4471K [0x00000000d5e00000, 0x00000000d9b80000, 0x0000000100000000)
  eden space 33280K, 0% used [0x00000000d5e00000,0x00000000d5e00000,0x00000000d7e80000)
  from space 5120K, 87% used [0x00000000d7e80000,0x00000000d82ddd80,0x00000000d8380000)
  to   space 5120K, 0% used [0x00000000d9680000,0x00000000d9680000,0x00000000d9b80000)
 ParOldGen       total 48640K, used 2545K [0x0000000081a00000, 0x0000000084980000, 0x00000000d5e00000)
  object space 48640K, 5% used [0x0000000081a00000,0x0000000081c7c660,0x0000000084980000)
 Metaspace       used 14897K, capacity 15012K, committed 15360K, reserved 1064960K
  class space    used 1899K, capacity 1949K, committed 2048K, reserved 1048576K
}
Event: 3.330 GC heap before
{Heap before GC invocations=5 (full 1):
 PSYoungGen      total 38400K, used 37751K [0x00000000d5e00000, 0x00000000d9b80000, 0x0000000100000000)
  eden space 33280K, 100% used [0x00000000d5e00000,0x00000000d7e80000,0x00000000d7e80000)
  from space 5120K, 87% used [0x00000000d7e80000,0x00000000d82ddd80,0x00000000d8380000)
  to   space 5120K, 0% used [0x00000000d9680000,0x00000000d9680000,0x00000000d9b80000)
 ParOldGen       total 48640K, used 2545K [0x0000000081a00000, 0x0000000084980000, 0x00000000d5e00000)
  object space 48640K, 5% used [0x0000000081a00000,0x0000000081c7c660,0x0000000084980000)
 Metaspace       used 17964K, capacity 18102K, committed 18560K, reserved 1067008K
  class space    used 2299K, capacity 2336K, committed 2432K, reserved 1048576K
Event: 3.337 GC heap after
Heap after GC invocations=5 (full 1):
 PSYoungGen      total 56320K, used 4724K [0x00000000d5e00000, 0x00000000d9b80000, 0x0000000100000000)
  eden space 51200K, 0% used [0x00000000d5e00000,0x00000000d5e00000,0x00000000d9000000)
  from space 5120K, 92% used [0x00000000d9680000,0x00000000d9b1d308,0x00000000d9b80000)
  to   space 5120K, 0% used [0x00000000d9180000,0x00000000d9180000,0x00000000d9680000)
 ParOldGen       total 48640K, used 2553K [0x0000000081a00000, 0x0000000084980000, 0x00000000d5e00000)
  object space 48640K, 5% used [0x0000000081a00000,0x0000000081c7e660,0x0000000084980000)
 Metaspace       used 17964K, capacity 18102K, committed 18560K, reserved 1067008K
  class space    used 2299K, capacity 2336K, committed 2432K, reserved 1048576K
}
Event: 3.912 GC heap before
{Heap before GC invocations=6 (full 1):
 PSYoungGen      total 56320K, used 29100K [0x00000000d5e00000, 0x00000000d9b80000, 0x0000000100000000)
  eden space 51200K, 47% used [0x00000000d5e00000,0x00000000d75cdf88,0x00000000d9000000)
  from space 5120K, 92% used [0x00000000d9680000,0x00000000d9b1d308,0x00000000d9b80000)
  to   space 5120K, 0% used [0x00000000d9180000,0x00000000d9180000,0x00000000d9680000)
 ParOldGen       total 48640K, used 2553K [0x0000000081a00000, 0x0000000084980000, 0x00000000d5e00000)
  object space 48640K, 5% used [0x0000000081a00000,0x0000000081c7e660,0x0000000084980000)
 Metaspace       used 20796K, capacity 21000K, committed 21248K, reserved 1069056K
  class space    used 2704K, capacity 2791K, committed 2816K, reserved 1048576K
Event: 3.918 GC heap after
Heap after GC invocations=6 (full 1):
 PSYoungGen      total 56320K, used 4530K [0x00000000d5e00000, 0x00000000d9b80000, 0x0000000100000000)
  eden space 51200K, 0% used [0x00000000d5e00000,0x00000000d5e00000,0x00000000d9000000)
  from space 5120K, 88% used [0x00000000d9180000,0x00000000d95ec820,0x00000000d9680000)
  to   space 5120K, 0% used [0x00000000d9680000,0x00000000d9680000,0x00000000d9b80000)
 ParOldGen       total 48640K, used 2561K [0x0000000081a00000, 0x0000000084980000, 0x00000000d5e00000)
  object space 48640K, 5% used [0x0000000081a00000,0x0000000081c80660,0x0000000084980000)
 Metaspace       used 20796K, capacity 21000K, committed 21248K, reserved 1069056K
  class space    used 2704K, capacity 2791K, committed 2816K, reserved 1048576K
}
Event: 3.919 GC heap before
{Heap before GC invocations=7 (full 2):
 PSYoungGen      total 56320K, used 4530K [0x00000000d5e00000, 0x00000000d9b80000, 0x0000000100000000)
  eden space 51200K, 0% used [0x00000000d5e00000,0x00000000d5e00000,0x00000000d9000000)
  from space 5120K, 88% used [0x00000000d9180000,0x00000000d95ec820,0x00000000d9680000)
  to   space 5120K, 0% used [0x00000000d9680000,0x00000000d9680000,0x00000000d9b80000)
 ParOldGen       total 48640K, used 2561K [0x0000000081a00000, 0x0000000084980000, 0x00000000d5e00000)
  object space 48640K, 5% used [0x0000000081a00000,0x0000000081c80660,0x0000000084980000)
 Metaspace       used 20796K, capacity 21000K, committed 21248K, reserved 1069056K
  class space    used 2704K, capacity 2791K, committed 2816K, reserved 1048576K
Event: 3.954 GC heap after
Heap after GC invocations=7 (full 2):
 PSYoungGen      total 56320K, used 0K [0x00000000d5e00000, 0x00000000d9b80000, 0x0000000100000000)
  eden space 51200K, 0% used [0x00000000d5e00000,0x00000000d5e00000,0x00000000d9000000)
  from space 5120K, 0% used [0x00000000d9180000,0x00000000d9180000,0x00000000d9680000)
  to   space 5120K, 0% used [0x00000000d9680000,0x00000000d9680000,0x00000000d9b80000)
 ParOldGen       total 48640K, used 6495K [0x0000000081a00000, 0x0000000084980000, 0x00000000d5e00000)
  object space 48640K, 13% used [0x0000000081a00000,0x0000000082057f48,0x0000000084980000)
 Metaspace       used 20796K, capacity 21000K, committed 21248K, reserved 1069056K
  class space    used 2704K, capacity 2791K, committed 2816K, reserved 1048576K
}

Deoptimization events (10 events):
Event: 2.207 Thread 0x00000000035b9800 Uncommon trap: reason=unstable_if action=reinterpret pc=0x0000000003a9df28 method=java.util.HashMap.hash(Ljava/lang/Object;)I @ 1
Event: 2.491 Thread 0x00000000035b9800 Uncommon trap: reason=null_assert action=make_not_entrant pc=0x0000000003862740 method=java.util.zip.ZipEntry.<init>(Ljava/util/zip/ZipEntry;)V @ 70
Event: 2.934 Thread 0x00000000035b9800 Uncommon trap: reason=unstable_if action=reinterpret pc=0x0000000003abfa9c method=java.util.concurrent.ConcurrentHashMap.putVal(Ljava/lang/Object;Ljava/lang/Object;Z)Ljava/lang/Object; @ 206
Event: 3.348 Thread 0x00000000035b9800 Uncommon trap: reason=unstable_if action=reinterpret pc=0x0000000003a861d4 method=java.lang.ref.ReferenceQueue.poll()Ljava/lang/ref/Reference; @ 4
Event: 3.433 Thread 0x00000000035b9800 Uncommon trap: reason=unstable_if action=reinterpret pc=0x0000000003ad1f5c method=java.lang.ref.ReferenceQueue.poll()Ljava/lang/ref/Reference; @ 4
Event: 3.754 Thread 0x00000000035b9800 Uncommon trap: reason=unstable_if action=reinterpret pc=0x00000000039829fc method=java.lang.CharacterDataLatin1.isWhitespace(I)Z @ 14
Event: 3.874 Thread 0x00000000035b9800 Uncommon trap: reason=unstable_if action=reinterpret pc=0x00000000038b6250 method=java.lang.AbstractStringBuilder.append(Ljava/lang/String;)Ljava/lang/AbstractStringBuilder; @ 1
Event: 3.995 Thread 0x00000000035b9800 Uncommon trap: reason=unstable_if action=reinterpret pc=0x000000000389a490 method=java.lang.AbstractStringBuilder.append(Ljava/lang/String;)Ljava/lang/AbstractStringBuilder; @ 1
Event: 4.011 Thread 0x00000000035b9800 Uncommon trap: reason=unstable_if action=reinterpret pc=0x0000000003ba5334 method=java.lang.ref.SoftReference.get()Ljava/lang/Object; @ 6
Event: 4.075 Thread 0x00000000035b9800 Uncommon trap: reason=unstable_if action=reinterpret pc=0x0000000003bf8bfc method=java.lang.ClassLoader.getClassLoadingLock(Ljava/lang/String;)Ljava/lang/Object; @ 6

Internal exceptions (10 events):
Event: 3.267 Thread 0x00000000035b9800 Exception <a 'java/lang/ClassNotFoundException': rules/api/config/RulesConfigBeanInfo> (0x00000000d7caaae0) thrown at [C:\re\workspace\8-2-build-windows-amd64-cygwin\jdk8u102\7268\hotspot\src\share\vm\classfile\systemDictionary.cpp, line 210]
Event: 3.268 Thread 0x00000000035b9800 Exception <a 'java/lang/ClassNotFoundException': rules/api/config/RulesConfigCustomizer> (0x00000000d7cc43f0) thrown at [C:\re\workspace\8-2-build-windows-amd64-cygwin\jdk8u102\7268\hotspot\src\share\vm\classfile\systemDictionary.cpp, line 210]
Event: 3.270 Thread 0x00000000035b9800 Exception <a 'java/lang/ClassNotFoundException': rules/api/config/RulesConfig$$EnhancerBySpringCGLIB$$554d471Customizer> (0x00000000d7cecce0) thrown at [C:\re\workspace\8-2-build-windows-amd64-cygwin\jdk8u102\7268\hotspot\src\share\vm\classfile\systemDicti
Event: 3.274 Thread 0x00000000035b9800 Exception <a 'java/lang/ClassNotFoundException': org/springframework/context/annotation/ConfigurationClassEnhancer$EnhancedConfigurationCustomizer> (0x00000000d7d26a50) thrown at [C:\re\workspace\8-2-build-windows-amd64-cygwin\jdk8u102\7268\hotspot\src\shaníÒ¯)@
Event: 3.395 Thread 0x00000000035b9800 Exception <a 'java/lang/NoSuchFieldError': method resolution failed> (0x00000000d5ebb110) thrown at [C:\re\workspace\8-2-build-windows-amd64-cygwin\jdk8u102\7268\hotspot\src\share\vm\prims\methodHandles.cpp, line 1146]
Event: 3.398 Thread 0x00000000035b9800 Exception <a 'java/lang/NoSuchFieldError': method resolution failed> (0x00000000d5ec8ba0) thrown at [C:\re\workspace\8-2-build-windows-amd64-cygwin\jdk8u102\7268\hotspot\src\share\vm\prims\methodHandles.cpp, line 1146]
Event: 3.498 Thread 0x00000000035b9800 Exception <a 'java/lang/ClassNotFoundException': rules/api/engine/RulesEngineHelperBeanInfo> (0x00000000d62dd1e8) thrown at [C:\re\workspace\8-2-build-windows-amd64-cygwin\jdk8u102\7268\hotspot\src\share\vm\classfile\systemDictionary.cpp, line 210]
Event: 3.499 Thread 0x00000000035b9800 Exception <a 'java/lang/ClassNotFoundException': rules/api/engine/RulesEngineHelperCustomizer> (0x00000000d62f8d38) thrown at [C:\re\workspace\8-2-build-windows-amd64-cygwin\jdk8u102\7268\hotspot\src\share\vm\classfile\systemDictionary.cpp, line 210]
Event: 3.874 Thread 0x00000000035b9800 Implicit null exception at 0x00000000038b5e96 to 0x00000000038b6239
Event: 3.995 Thread 0x00000000035b9800 Implicit null exception at 0x000000000389a0d6 to 0x000000000389a479

Events (10 events):
Event: 4.422 loading class org/drools/compiler/lang/DRL6Expressions$shiftExpression_return
Event: 4.422 loading class org/drools/compiler/lang/DRL6Expressions$shiftExpression_return done
Event: 4.429 loading class org/drools/compiler/lang/api/DescrFactory
Event: 4.429 loading class org/drools/compiler/lang/api/DescrFactory done
Event: 4.430 loading class org/drools/compiler/lang/api/impl/PackageDescrBuilderImpl
Event: 4.430 loading class org/drools/compiler/lang/api/impl/PackageDescrBuilderImpl done
Event: 4.431 loading class org/drools/compiler/lang/api/PackageDescrBuilder
Event: 4.431 loading class org/drools/compiler/lang/api/PackageDescrBuilder done
Event: 4.432 loading class org/drools/compiler/lang/api/impl/BaseDescrBuilderImpl
Event: 4.432 loading class org/drools/compiler/lang/api/impl/BaseDescrBuilderImpl done


Dynamic libraries:
0x00007ff61bbc0000 - 0x00007ff61bbf7000 	C:\Program Files\Java\jre1.8.0_102\bin\javaw.exe
0x00007ffc60d90000 - 0x00007ffc60f51000 	C:\windows\SYSTEM32\ntdll.dll
0x00007ffc60ce0000 - 0x00007ffc60d8d000 	C:\windows\system32\KERNEL32.DLL
0x00007ffc5d4a0000 - 0x00007ffc5d688000 	C:\windows\system32\KERNELBASE.dll
0x0000000056340000 - 0x00000000563c9000 	C:\windows\System32\SYSFER.DLL
0x00007ffc60ad0000 - 0x00007ffc60b77000 	C:\windows\system32\ADVAPI32.dll
0x00007ffc5e8b0000 - 0x00007ffc5e94d000 	C:\windows\system32\msvcrt.dll
0x00007ffc5e2c0000 - 0x00007ffc5e31b000 	C:\windows\system32\sechost.dll
0x00007ffc60b80000 - 0x00007ffc60c9c000 	C:\windows\system32\RPCRT4.dll
0x00007ffc5e320000 - 0x00007ffc5e476000 	C:\windows\system32\USER32.dll
0x00007ffc5ff30000 - 0x00007ffc600b7000 	C:\windows\system32\GDI32.dll
0x00007ffc522e0000 - 0x00007ffc52554000 	C:\windows\WinSxS\amd64_microsoft.windows.common-controls_6595b64144ccf1df_6.0.10586.839_none_a2ddba30a539a2ae\COMCTL32.dll
0x00007ffc5e630000 - 0x00007ffc5e8ae000 	C:\windows\system32\combase.dll
0x00007ffc5e040000 - 0x00007ffc5e0aa000 	C:\windows\system32\bcryptPrimitives.dll
0x00007ffc60980000 - 0x00007ffc609bb000 	C:\windows\system32\IMM32.DLL
0x00007ffc5c150000 - 0x00007ffc5c2bb000 	C:\Program Files\Avecto\Privilege Guard Client\PGHook.dll
0x00007ffc5cd90000 - 0x00007ffc5cda7000 	C:\windows\SYSTEM32\CRYPTSP.dll
0x00007ffc5ca20000 - 0x00007ffc5ca54000 	C:\windows\system32\rsaenh.dll
0x00007ffc5cfb0000 - 0x00007ffc5cfd9000 	C:\windows\SYSTEM32\bcrypt.dll
0x00007ffc5ceb0000 - 0x00007ffc5cebb000 	C:\windows\SYSTEM32\CRYPTBASE.dll
0x00007ffc5ff20000 - 0x00007ffc5ff28000 	C:\windows\system32\PSAPI.DLL
0x0000000068000000 - 0x000000006805d000 	C:\windows\System32\QIPCAP64.dll
0x00007ffc5e9c0000 - 0x00007ffc5ff1c000 	C:\windows\system32\SHELL32.dll
0x00007ffc5e0b0000 - 0x00007ffc5e0f3000 	C:\windows\system32\cfgmgr32.dll
0x00007ffc5d770000 - 0x00007ffc5ddb4000 	C:\windows\system32\windows.storage.dll
0x00007ffc5e190000 - 0x00007ffc5e1e2000 	C:\windows\system32\shlwapi.dll
0x00007ffc5d420000 - 0x00007ffc5d42f000 	C:\windows\system32\kernel.appcore.dll
0x00007ffc5d690000 - 0x00007ffc5d745000 	C:\windows\system32\shcore.dll
0x00007ffc5d3d0000 - 0x00007ffc5d41b000 	C:\windows\system32\powrprof.dll
0x00007ffc5d3b0000 - 0x00007ffc5d3c4000 	C:\windows\system32\profapi.dll
0x00007ffc5ba20000 - 0x00007ffc5baca000 	C:\windows\SYSTEM32\DNSAPI.dll
0x00007ffc601d0000 - 0x00007ffc6023b000 	C:\windows\system32\WS2_32.dll
0x00007ffc60ca0000 - 0x00007ffc60ca8000 	C:\windows\system32\NSI.dll
0x00000000535f0000 - 0x00000000536c1000 	C:\Program Files\Java\jre1.8.0_102\bin\msvcr100.dll
0x0000000054440000 - 0x0000000054cda000 	C:\Program Files\Java\jre1.8.0_102\bin\server\jvm.dll
0x00007ffc581a0000 - 0x00007ffc581a9000 	C:\windows\SYSTEM32\WSOCK32.dll
0x00007ffc5b460000 - 0x00007ffc5b483000 	C:\windows\SYSTEM32\WINMM.dll
0x00007ffc5c790000 - 0x00007ffc5c79a000 	C:\windows\SYSTEM32\VERSION.dll
0x00007ffc5b300000 - 0x00007ffc5b32c000 	C:\windows\SYSTEM32\WINMMBASE.dll
0x0000000054ee0000 - 0x0000000054eef000 	C:\Program Files\Java\jre1.8.0_102\bin\verify.dll
0x0000000054eb0000 - 0x0000000054ed9000 	C:\Program Files\Java\jre1.8.0_102\bin\java.dll
0x0000000054e90000 - 0x0000000054ea6000 	C:\Program Files\Java\jre1.8.0_102\bin\zip.dll
0x0000000054e70000 - 0x0000000054e8a000 	C:\Program Files\Java\jre1.8.0_102\bin\net.dll
0x00007ffc5cce0000 - 0x00007ffc5cd3c000 	C:\windows\system32\mswsock.dll
0x00007ffc50700000 - 0x00007ffc5070a000 	C:\Windows\System32\rasadhlp.dll
0x00007ffc58130000 - 0x00007ffc58197000 	C:\windows\System32\fwpuclnt.dll
0x00007ffc5cb70000 - 0x00007ffc5cb8f000 	C:\windows\SYSTEM32\USERENV.dll
0x00007ffc581b0000 - 0x00007ffc581e8000 	C:\windows\SYSTEM32\IPHLPAPI.DLL
0x00007ffc57bc0000 - 0x00007ffc57bd6000 	C:\windows\SYSTEM32\dhcpcsvc6.DLL
0x00007ffc57b40000 - 0x00007ffc57b5a000 	C:\windows\SYSTEM32\dhcpcsvc.DLL
0x0000000054e50000 - 0x0000000054e61000 	C:\Program Files\Java\jre1.8.0_102\bin\nio.dll
0x0000000054e10000 - 0x0000000054e1d000 	C:\Program Files\Java\jre1.8.0_102\bin\management.dll
0x00007ffc41250000 - 0x00007ffc41266000 	C:\windows\system32\napinsp.dll
0x00007ffc41230000 - 0x00007ffc4124a000 	C:\windows\system32\pnrpnsp.dll
0x00007ffc5b060000 - 0x00007ffc5b078000 	C:\windows\system32\NLAapi.dll
0x00007ffc41280000 - 0x00007ffc4128d000 	C:\windows\System32\winrnr.dll
0x00007ffc411d0000 - 0x00007ffc411e5000 	C:\windows\System32\wshbth.dll

VM Arguments:
jvm_args: -ea -Dfile.encoding=Cp1252 
java_command: org.testng.remote.RemoteTestNG -serport 62675 -protocol json -d C:\Chandresh_Documents\DroolsApiGradle\drools-api\root\application\test-output C:\Users\CHANDR~1.MIS\AppData\Local\Temp\testng-eclipse-33319186\testng-customsuite.xml
java_class_path (initial): C:\Users\chandresh.mishra\Downloads\eclipse-jee-oxygen-R-win32-x86_64\eclipse\configuration\org.eclipse.osgi\1171\0\.cp\lib\testng-remote.jar;C:\Chandresh_Documents\DroolsApiGradle\drools-api\root\application\bin;C:\Chandresh_Documents\DroolsApiGradle\drools-api\root\rules-domain\bin;C:\Chandresh_Documents\DroolsApiGradle\drools-api\root\application-rules\bin;C:\Users\chandresh.mishra\.m2\repository\com\rules-api\rule-api\1.0.0\rule-api-1.0.0.jar;C:\Users\chandresh.mishra\.gradle\caches\modules-2\files-2.1\org.springframework.boot\spring-boot-starter-web\1.5.7.RELEASE\a862305be8b7512a41f6768d825ed37251ccbbe0\spring-boot-starter-web-1.5.7.RELEASE.jar;C:\Users\chandresh.mishra\.m2\repository\com\google\protobuf\protobuf-java\3.4.0\protobuf-java-3.4.0.jar;C:\Users\chandresh.mishra\.gradle\caches\modules-2\files-2.1\org.apache.logging.log4j\log4j-api\2.7\8de00e382a817981b737be84cb8def687d392963\log4j-api-2.7.jar;C:\Users\chandresh.mishra\.gradle\caches\modules-2\files-2.1\org.apache.logging.log4j\log4j-core\2.7\a3f2b4e64c61a7fc1ed8f1e5ba371933404ed98a\log4j-core-2.7.jar;C:\Users\chandresh.mishra\.gradle\caches\modules-2\files-2.1\org.springframework\spring-core\4.3.11.RELEASE\eb30ed093f628279d3aead068fd478fa343f1dad\spring-core-4.3.11.RELEASE.jar;C:\Users\chandresh.mishra\.gradle\caches\modules-2\files-2.1\org.springframework\spring-context\4.3.11.RELEASE\3efec2d7c7469d49108a2b21c3f15831f7297569\spring-context-4.3.11.RELEASE.jar;C:\Users\chandresh.mishra\.gradle\caches\modules-2\files-2.1\org.apache.commons\commons-collections4\4.0\da217367fd25e88df52ba79e47658d4cf928b0d1\commons-collections4-4.0.jar;C:\Users\chandresh.mishra\.gradle\caches\modules-2\files-2.1\org.kie\kie-ci\7.3.0.Final\f4668d39e33fdf33ad207f12b433608b037ec5cf\kie-ci-7.3.0.Final.jar;C:\Users\chandresh.mishra\.gradle\caches\modules-2\files-2.1\commons-configuration\commons-configuration\1.6\32cadde23955d7681b0d94a2715846d20b425235\commons-configuration-1.6.jar;C:\Users\chandr
Launcher Type: SUN_STANDARD

Environment Variables:
JAVA_HOME=C:\Program Files\Java\jdk1.8.0_102
PATH=C:/Program Files/Java/jre1.8.0_102/bin/server;C:/Program Files/Java/jre1.8.0_102/bin;C:/Program Files/Java/jre1.8.0_102/lib/amd64;C:\ProgramData\Oracle\Java\javapath;C:\windows\system32;C:\windows;C:\windows\System32\Wbem;C:\windows\System32\WindowsPowerShell\v1.0\;C:\Program Files\Git\cmd;C:\Program Files (x86)\Heroku\bin;C:\Program Files (x86)\git\cmd;C:\Program Files (x86)\Git\cmd;C:\Program Files\Microsoft SQL Server\Client SDK\ODBC\110\Tools\Binn\;C:\Program Files (x86)\Microsoft SQL Server\120\Tools\Binn\;C:\Program Files\Microsoft SQL Server\120\Tools\Binn\;C:\Program Files\Microsoft SQL Server\120\DTS\Binn\;C:\Program Files (x86)\Microsoft SQL Server\120\Tools\Binn\ManagementStudio\;C:\Program Files (x86)\Microsoft SQL Server\120\DTS\Binn\;C:\Program Files\Intel\WiFi\bin\;C:\Program Files\Common Files\Intel\WirelessCommon\;C:\Program Files\nodejs\;C:\Program Files\Java\jdk1.8.0_102\bin;C:\Chandresh_Documents\apache-maven-3.3.9-bin\apache-maven-3.3.9\bin;C:\TachArch\apache-tomcat-9.0.0.M17-windows-x64\apache-tomcat-9.0.0.M17\bin;C:\Chandresh_Documents\spring-boot-cli-1.5.3.RELEASE-bin\spring-1.5.3.RELEASE\bin;C:\HMRC Tools\gradle-3.5-bin\gradle-3.5\bin;C:\HashiCorp\Vagrant\bin;C:\Program Files\MySQL\MySQL Utilities 1.6\;C:\Users\chandresh.mishra\AppData\Local\Programs\Python\Python36-32\Scripts\;C:\Users\chandresh.mishra\AppData\Local\Programs\Python\Python36-32\;C:\Program Files (x86)\Microsoft VS Code\bin;C:\Users\chandresh.mishra\AppData\Roaming\npm;C:\Users\chandresh.mishra\Downloads\eclipse-jee-oxygen-R-win32-x86_64\eclipse;
USERNAME=chandresh.mishra
OS=Windows_NT
PROCESSOR_IDENTIFIER=Intel64 Family 6 Model 61 Stepping 4, GenuineIntel



---------------  S Y S T E M  ---------------

OS: Windows 10.0 , 64 bit Build 10586 (10.0.10586.589)

CPU:total 4 (2 cores per cpu, 2 threads per core) family 6 model 61 stepping 4, cmov, cx8, fxsr, mmx, sse, sse2, sse3, ssse3, sse4.1, sse4.2, popcnt, avx, avx2, aes, clmul, erms, rtm, 3dnowpref, lzcnt, ht, tsc, tscinvbit, bmi1, bmi2, adx

Memory: 4k page, physical 8277456k(805200k free), swap 12657724k(14364k free)

vm_info: Java HotSpot(TM) 64-Bit Server VM (25.102-b14) for windows-amd64 JRE (1.8.0_102-b14), built on Jun 22 2016 13:15:21 by "java_re" with MS VC++ 10.0 (VS2010)

time: Fri Oct 13 22:28:11 2017
elapsed time: 4 seconds (0d 0h 0m 4s)

