#
# There is insufficient memory for the Java Runtime Environment to continue.
# Native memory allocation (malloc) failed to allocate 636976 bytes for Chunk::new
# Possible reasons:
#   The system is out of physical RAM or swap space
#   In 32 bit mode, the process size limit was hit
# Possible solutions:
#   Reduce memory load on the system
#   Increase physical memory or swap space
#   Check if swap backing store is full
#   Use 64 bit Java on a 64 bit OS
#   Decrease Java heap size (-Xmx/-Xms)
#   Decrease number of Java threads
#   Decrease Java thread stack sizes (-Xss)
#   Set larger code cache with -XX:ReservedCodeCacheSize=
# This output file may be truncated or incomplete.
#
#  Out of Memory Error (allocation.cpp:390), pid=15944, tid=0x0000000000003778
#
# JRE version: Java(TM) SE Runtime Environment (8.0_102-b14) (build 1.8.0_102-b14)
# Java VM: Java HotSpot(TM) 64-Bit Server VM (25.102-b14 mixed mode windows-amd64 compressed oops)
# Failed to write core dump. Minidumps are not enabled by default on client versions of Windows
#

---------------  T H R E A D  ---------------

Current thread (0x0000000002e1f800):  JavaThread "C2 CompilerThread1" daemon [_thread_in_native, id=14200, stack(0x000000001ac10000,0x000000001ad10000)]

Stack: [0x000000001ac10000,0x000000001ad10000]
[error occurred during error reporting (printing stack bounds), id 0xc0000005]

Native frames: (J=compiled Java code, j=interpreted, Vv=VM code, C=native code)


Current CompileTask:
C2:  11840 4550 %     4       org.apache.maven.model.io.xpp3.MavenXpp3Reader::parseModel @ 1065 (1563 bytes)


---------------  P R O C E S S  ---------------

Java Threads: ( => current thread )
  0x0000000004a0d800 JavaThread "ReaderThread" [_thread_in_native, id=13724, stack(0x000000001c0e0000,0x000000001c1e0000)]
  0x0000000002e6e800 JavaThread "Service Thread" daemon [_thread_blocked, id=8700, stack(0x000000001ae10000,0x000000001af10000)]
  0x0000000002e26800 JavaThread "C1 CompilerThread2" daemon [_thread_blocked, id=9524, stack(0x000000001ad10000,0x000000001ae10000)]
=>0x0000000002e1f800 JavaThread "C2 CompilerThread1" daemon [_thread_in_native, id=14200, stack(0x000000001ac10000,0x000000001ad10000)]
  0x0000000002e1d800 JavaThread "C2 CompilerThread0" daemon [_thread_in_native, id=17060, stack(0x000000001ab10000,0x000000001ac10000)]
  0x0000000002e18800 JavaThread "Attach Listener" daemon [_thread_blocked, id=17724, stack(0x000000001aa10000,0x000000001ab10000)]
  0x0000000002e17000 JavaThread "Signal Dispatcher" daemon [_thread_blocked, id=14488, stack(0x000000001a910000,0x000000001aa10000)]
  0x00000000015ae800 JavaThread "Finalizer" daemon [_thread_blocked, id=16024, stack(0x000000001a810000,0x000000001a910000)]
  0x00000000015ab000 JavaThread "Reference Handler" daemon [_thread_blocked, id=7132, stack(0x000000001a710000,0x000000001a810000)]
  0x00000000014bb000 JavaThread "main" [_thread_in_native, id=12708, stack(0x00000000071a0000,0x00000000072a0000)]

Other Threads:
  0x0000000002dd6800 VMThread [stack: 0x000000001a610000,0x000000001a710000] [id=10108]
  0x0000000003ff4000 WatcherThread [stack: 0x000000001af10000,0x000000001b010000] [id=16972]

VM state:not at safepoint (normal execution)

VM Mutex/Monitor currently owned by a thread: None

Heap:
 PSYoungGen      total 116224K, used 110065K [0x00000000d5e00000, 0x00000000dfb00000, 0x0000000100000000)
  eden space 104448K, 98% used [0x00000000d5e00000,0x00000000dc26c6e8,0x00000000dc400000)
  from space 11776K, 61% used [0x00000000dd100000,0x00000000dd80fe88,0x00000000ddc80000)
  to   space 13312K, 0% used [0x00000000dc400000,0x00000000dc400000,0x00000000dd100000)
 ParOldGen       total 98304K, used 19926K [0x0000000081a00000, 0x0000000087a00000, 0x00000000d5e00000)
  object space 98304K, 20% used [0x0000000081a00000,0x0000000082d75b50,0x0000000087a00000)
 Metaspace       used 42941K, capacity 43782K, committed 43992K, reserved 1087488K
  class space    used 5094K, capacity 5344K, committed 5376K, reserved 1048576K

Card table byte_map: [0x0000000001990000,0x0000000001d90000] byte_map_base: 0x0000000001583000

Marking Bits: (ParMarkBitMap*) 0x000000006ceea6c0
 Begin Bits: [0x00000000166e0000, 0x0000000018678000)
 End Bits:   [0x0000000018678000, 0x000000001a610000)

Polling page: 0x0000000000bf0000

CodeCache: size=245760Kb used=15958Kb max_used=15958Kb free=229801Kb
 bounds [0x00000000072e0000, 0x0000000008290000, 0x00000000162e0000]
 total_blobs=4641 nmethods=4157 adapters=396
 compilation: enabled

Compilation events (10 events):
Event: 11.805 Thread 0x0000000002e26800 4620   !   3       org.apache.maven.model.interpolation.StringSearchModelInterpolator::interpolateObject (72 bytes)
Event: 11.805 Thread 0x0000000002e26800 nmethod 4620 0x0000000007bcda90 code [0x0000000007bcdc40, 0x0000000007bce338]
Event: 11.805 Thread 0x0000000002e26800 4621       3       org.codehaus.plexus.interpolation.StringSearchInterpolator::clearAnswers (10 bytes)
Event: 11.805 Thread 0x0000000002e26800 nmethod 4621 0x000000000768dd90 code [0x000000000768df00, 0x000000000768e128]
Event: 11.814 Thread 0x0000000002e26800 4622       3       org.apache.maven.model.management.DefaultDependencyManagementInjector::injectManagement (9 bytes)
Event: 11.815 Thread 0x0000000002e26800 nmethod 4622 0x00000000079cb810 code [0x00000000079cb980, 0x00000000079cbb28]
Event: 11.815 Thread 0x0000000002e26800 4623       3       org.apache.maven.model.normalization.DefaultModelNormalizer::injectDefaultValues (66 bytes)
Event: 11.816 Thread 0x0000000002e26800 nmethod 4623 0x0000000007bcc090 code [0x0000000007bcc2e0, 0x0000000007bcd208]
Event: 11.816 Thread 0x0000000002e26800 4624       3       org.apache.maven.model.validation.DefaultModelValidator::validateEffectiveModel (915 bytes)
Event: 11.827 Thread 0x0000000002e26800 nmethod 4624 0x000000000827b090 code [0x000000000827bd80, 0x0000000008285708]

GC Heap History (10 events):
Event: 7.392 GC heap before
{Heap before GC invocations=10 (full 1):
 PSYoungGen      total 88064K, used 85120K [0x00000000d5e00000, 0x00000000dbd80000, 0x0000000100000000)
  eden space 79360K, 100% used [0x00000000d5e00000,0x00000000dab80000,0x00000000dab80000)
  from space 8704K, 66% used [0x00000000db400000,0x00000000db9a0020,0x00000000dbc80000)
  to   space 8704K, 0% used [0x00000000dab80000,0x00000000dab80000,0x00000000db400000)
 ParOldGen       total 60416K, used 7057K [0x0000000081a00000, 0x0000000085500000, 0x00000000d5e00000)
  object space 60416K, 11% used [0x0000000081a00000,0x00000000820e4430,0x0000000085500000)
 Metaspace       used 29960K, capacity 30208K, committed 30464K, reserved 1075200K
  class space    used 3696K, capacity 3795K, committed 3840K, reserved 1048576K
Event: 7.404 GC heap after
Heap after GC invocations=10 (full 1):
 PSYoungGen      total 88064K, used 8689K [0x00000000d5e00000, 0x00000000ddc80000, 0x0000000100000000)
  eden space 79360K, 0% used [0x00000000d5e00000,0x00000000d5e00000,0x00000000dab80000)
  from space 8704K, 99% used [0x00000000dab80000,0x00000000db3fc480,0x00000000db400000)
  to   space 11776K, 0% used [0x00000000dd100000,0x00000000dd100000,0x00000000ddc80000)
 ParOldGen       total 60416K, used 12729K [0x0000000081a00000, 0x0000000085500000, 0x00000000d5e00000)
  object space 60416K, 21% used [0x0000000081a00000,0x000000008266e788,0x0000000085500000)
 Metaspace       used 29960K, capacity 30208K, committed 30464K, reserved 1075200K
  class space    used 3696K, capacity 3795K, committed 3840K, reserved 1048576K
}
Event: 7.953 GC heap before
{Heap before GC invocations=11 (full 1):
 PSYoungGen      total 88064K, used 42148K [0x00000000d5e00000, 0x00000000ddc80000, 0x0000000100000000)
  eden space 79360K, 42% used [0x00000000d5e00000,0x00000000d7eacc58,0x00000000dab80000)
  from space 8704K, 99% used [0x00000000dab80000,0x00000000db3fc480,0x00000000db400000)
  to   space 11776K, 0% used [0x00000000dd100000,0x00000000dd100000,0x00000000ddc80000)
 ParOldGen       total 60416K, used 12729K [0x0000000081a00000, 0x0000000085500000, 0x00000000d5e00000)
  object space 60416K, 21% used [0x0000000081a00000,0x000000008266e788,0x0000000085500000)
 Metaspace       used 35028K, capacity 35310K, committed 35416K, reserved 1081344K
  class space    used 4113K, capacity 4215K, committed 4224K, reserved 1048576K
Event: 7.961 GC heap after
Heap after GC invocations=11 (full 1):
 PSYoungGen      total 115712K, used 11755K [0x00000000d5e00000, 0x00000000de080000, 0x0000000100000000)
  eden space 103936K, 0% used [0x00000000d5e00000,0x00000000d5e00000,0x00000000dc380000)
  from space 11776K, 99% used [0x00000000dd100000,0x00000000ddc7aed0,0x00000000ddc80000)
  to   space 13824K, 0% used [0x00000000dc380000,0x00000000dc380000,0x00000000dd100000)
 ParOldGen       total 60416K, used 14580K [0x0000000081a00000, 0x0000000085500000, 0x00000000d5e00000)
  object space 60416K, 24% used [0x0000000081a00000,0x000000008283d0a0,0x0000000085500000)
 Metaspace       used 35028K, capacity 35310K, committed 35416K, reserved 1081344K
  class space    used 4113K, capacity 4215K, committed 4224K, reserved 1048576K
}
Event: 7.961 GC heap before
{Heap before GC invocations=12 (full 2):
 PSYoungGen      total 115712K, used 11755K [0x00000000d5e00000, 0x00000000de080000, 0x0000000100000000)
  eden space 103936K, 0% used [0x00000000d5e00000,0x00000000d5e00000,0x00000000dc380000)
  from space 11776K, 99% used [0x00000000dd100000,0x00000000ddc7aed0,0x00000000ddc80000)
  to   space 13824K, 0% used [0x00000000dc380000,0x00000000dc380000,0x00000000dd100000)
 ParOldGen       total 60416K, used 14580K [0x0000000081a00000, 0x0000000085500000, 0x00000000d5e00000)
  object space 60416K, 24% used [0x0000000081a00000,0x000000008283d0a0,0x0000000085500000)
 Metaspace       used 35028K, capacity 35310K, committed 35416K, reserved 1081344K
  class space    used 4113K, capacity 4215K, committed 4224K, reserved 1048576K
Event: 8.021 GC heap after
Heap after GC invocations=12 (full 2):
 PSYoungGen      total 115712K, used 0K [0x00000000d5e00000, 0x00000000de080000, 0x0000000100000000)
  eden space 103936K, 0% used [0x00000000d5e00000,0x00000000d5e00000,0x00000000dc380000)
  from space 11776K, 0% used [0x00000000dd100000,0x00000000dd100000,0x00000000ddc80000)
  to   space 13824K, 0% used [0x00000000dc380000,0x00000000dc380000,0x00000000dd100000)
 ParOldGen       total 98304K, used 19910K [0x0000000081a00000, 0x0000000087a00000, 0x00000000d5e00000)
  object space 98304K, 20% used [0x0000000081a00000,0x0000000082d71b50,0x0000000087a00000)
 Metaspace       used 35028K, capacity 35310K, committed 35416K, reserved 1081344K
  class space    used 4113K, capacity 4215K, committed 4224K, reserved 1048576K
}
Event: 10.010 GC heap before
{Heap before GC invocations=13 (full 2):
 PSYoungGen      total 115712K, used 103936K [0x00000000d5e00000, 0x00000000de080000, 0x0000000100000000)
  eden space 103936K, 100% used [0x00000000d5e00000,0x00000000dc380000,0x00000000dc380000)
  from space 11776K, 0% used [0x00000000dd100000,0x00000000dd100000,0x00000000ddc80000)
  to   space 13824K, 0% used [0x00000000dc380000,0x00000000dc380000,0x00000000dd100000)
 ParOldGen       total 98304K, used 19910K [0x0000000081a00000, 0x0000000087a00000, 0x00000000d5e00000)
  object space 98304K, 20% used [0x0000000081a00000,0x0000000082d71b50,0x0000000087a00000)
 Metaspace       used 41723K, capacity 42564K, committed 42840K, reserved 1087488K
  class space    used 4977K, capacity 5203K, committed 5248K, reserved 1048576K
Event: 10.021 GC heap after
Heap after GC invocations=13 (full 2):
 PSYoungGen      total 117760K, used 8710K [0x00000000d5e00000, 0x00000000de080000, 0x0000000100000000)
  eden space 103936K, 0% used [0x00000000d5e00000,0x00000000d5e00000,0x00000000dc380000)
  from space 13824K, 63% used [0x00000000dc380000,0x00000000dcc019c0,0x00000000dd100000)
  to   space 11776K, 0% used [0x00000000dd100000,0x00000000dd100000,0x00000000ddc80000)
 ParOldGen       total 98304K, used 19918K [0x0000000081a00000, 0x0000000087a00000, 0x00000000d5e00000)
  object space 98304K, 20% used [0x0000000081a00000,0x0000000082d73b50,0x0000000087a00000)
 Metaspace       used 41723K, capacity 42564K, committed 42840K, reserved 1087488K
  class space    used 4977K, capacity 5203K, committed 5248K, reserved 1048576K
}
Event: 11.046 GC heap before
{Heap before GC invocations=14 (full 2):
 PSYoungGen      total 117760K, used 112646K [0x00000000d5e00000, 0x00000000de080000, 0x0000000100000000)
  eden space 103936K, 100% used [0x00000000d5e00000,0x00000000dc380000,0x00000000dc380000)
  from space 13824K, 63% used [0x00000000dc380000,0x00000000dcc019c0,0x00000000dd100000)
  to   space 11776K, 0% used [0x00000000dd100000,0x00000000dd100000,0x00000000ddc80000)
 ParOldGen       total 98304K, used 19918K [0x0000000081a00000, 0x0000000087a00000, 0x00000000d5e00000)
  object space 98304K, 20% used [0x0000000081a00000,0x0000000082d73b50,0x0000000087a00000)
 Metaspace       used 42873K, capacity 43718K, committed 43992K, reserved 1087488K
  class space    used 5094K, capacity 5344K, committed 5376K, reserved 1048576K
Event: 11.056 GC heap after
Heap after GC invocations=14 (full 2):
 PSYoungGen      total 116224K, used 7231K [0x00000000d5e00000, 0x00000000dfb00000, 0x0000000100000000)
  eden space 104448K, 0% used [0x00000000d5e00000,0x00000000d5e00000,0x00000000dc400000)
  from space 11776K, 61% used [0x00000000dd100000,0x00000000dd80fe88,0x00000000ddc80000)
  to   space 13312K, 0% used [0x00000000dc400000,0x00000000dc400000,0x00000000dd100000)
 ParOldGen       total 98304K, used 19926K [0x0000000081a00000, 0x0000000087a00000, 0x00000000d5e00000)
  object space 98304K, 20% used [0x0000000081a00000,0x0000000082d75b50,0x0000000087a00000)
 Metaspace       used 42873K, capacity 43718K, committed 43992K, reserved 1087488K
  class space    used 5094K, capacity 5344K, committed 5376K, reserved 1048576K
}

Deoptimization events (10 events):
Event: 10.304 Thread 0x00000000014bb000 Uncommon trap: reason=unstable_if action=reinterpret pc=0x0000000007b02a6c method=org.apache.maven.model.validation.DefaultModelValidator.validateEffectiveDependency(Lorg/apache/maven/model/building/ModelProblemCollector;Lorg/apache/maven/model/Dependency;d¯ÓSÑV%@
Event: 10.670 Thread 0x00000000014bb000 Uncommon trap: reason=unstable_if action=reinterpret pc=0x00000000077a3234 method=java.util.HashMap.putVal(ILjava/lang/Object;Ljava/lang/Object;ZZ)Ljava/lang/Object; @ 162
Event: 10.670 Thread 0x00000000014bb000 Uncommon trap: reason=unstable_if action=reinterpret pc=0x00000000079feee4 method=java.util.HashMap.putVal(ILjava/lang/Object;Ljava/lang/Object;ZZ)Ljava/lang/Object; @ 162
Event: 10.670 Thread 0x00000000014bb000 Uncommon trap: reason=unstable_if action=reinterpret pc=0x000000000799de08 method=java.util.HashMap.getNode(ILjava/lang/Object;)Ljava/util/HashMap$Node; @ 84
Event: 10.670 Thread 0x00000000014bb000 Uncommon trap: reason=unstable_if action=reinterpret pc=0x0000000007511d5c method=java.util.HashMap.getNode(ILjava/lang/Object;)Ljava/util/HashMap$Node; @ 84
Event: 10.671 Thread 0x00000000014bb000 Uncommon trap: reason=unstable_if action=reinterpret pc=0x0000000007633680 method=java.util.HashMap.resize()[Ljava/util/HashMap$Node; @ 206
Event: 11.288 Thread 0x00000000014bb000 Uncommon trap: reason=speculate_class_check action=maybe_recompile pc=0x000000000807d758 method=java.nio.charset.CharsetDecoder.decode(Ljava/nio/ByteBuffer;Ljava/nio/CharBuffer;Z)Ljava/nio/charset/CoderResult; @ 57
Event: 11.288 Thread 0x00000000014bb000 Uncommon trap: reason=speculate_class_check action=maybe_recompile pc=0x000000000807d758 method=java.nio.charset.CharsetDecoder.decode(Ljava/nio/ByteBuffer;Ljava/nio/CharBuffer;Z)Ljava/nio/charset/CoderResult; @ 57
Event: 11.289 Thread 0x00000000014bb000 Uncommon trap: reason=speculate_class_check action=maybe_recompile pc=0x000000000807d758 method=java.nio.charset.CharsetDecoder.decode(Ljava/nio/ByteBuffer;Ljava/nio/CharBuffer;Z)Ljava/nio/charset/CoderResult; @ 57
Event: 11.290 Thread 0x00000000014bb000 Uncommon trap: reason=speculate_class_check action=maybe_recompile pc=0x000000000807d758 method=java.nio.charset.CharsetDecoder.decode(Ljava/nio/ByteBuffer;Ljava/nio/CharBuffer;Z)Ljava/nio/charset/CoderResult; @ 57

Internal exceptions (10 events):
Event: 8.636 Thread 0x00000000014bb000 Exception <a 'java/lang/ArrayIndexOutOfBoundsException'> (0x00000000d794c618) thrown at [C:\re\workspace\8-2-build-windows-amd64-cygwin\jdk8u102\7268\hotspot\src\share\vm\runtime\sharedRuntime.cpp, line 605]
Event: 8.695 Thread 0x00000000014bb000 Exception <a 'java/lang/ArrayIndexOutOfBoundsException'> (0x00000000d7d8e620) thrown at [C:\re\workspace\8-2-build-windows-amd64-cygwin\jdk8u102\7268\hotspot\src\share\vm\runtime\sharedRuntime.cpp, line 605]
Event: 8.697 Thread 0x00000000014bb000 Exception <a 'java/lang/ArrayIndexOutOfBoundsException'> (0x00000000d7da0340) thrown at [C:\re\workspace\8-2-build-windows-amd64-cygwin\jdk8u102\7268\hotspot\src\share\vm\runtime\sharedRuntime.cpp, line 605]
Event: 8.698 Thread 0x00000000014bb000 Exception <a 'java/lang/ArrayIndexOutOfBoundsException'> (0x00000000d7dac0d8) thrown at [C:\re\workspace\8-2-build-windows-amd64-cygwin\jdk8u102\7268\hotspot\src\share\vm\runtime\sharedRuntime.cpp, line 605]
Event: 8.699 Thread 0x00000000014bb000 Exception <a 'java/lang/ArrayIndexOutOfBoundsException'> (0x00000000d7db7f20) thrown at [C:\re\workspace\8-2-build-windows-amd64-cygwin\jdk8u102\7268\hotspot\src\share\vm\runtime\sharedRuntime.cpp, line 605]
Event: 8.701 Thread 0x00000000014bb000 Exception <a 'java/lang/ArrayIndexOutOfBoundsException'> (0x00000000d7dc4c90) thrown at [C:\re\workspace\8-2-build-windows-amd64-cygwin\jdk8u102\7268\hotspot\src\share\vm\runtime\sharedRuntime.cpp, line 605]
Event: 10.113 Thread 0x00000000014bb000 Exception <a 'java/lang/NoClassDefFoundError': com/google/inject/servlet/ServletModuleTargetVisitor> (0x00000000d62ee6a0) thrown at [C:\re\workspace\8-2-build-windows-amd64-cygwin\jdk8u102\7268\hotspot\src\share\vm\classfile\systemDictionary.cpp, line 199]´ÿö“¨9$@
Event: 10.113 Thread 0x00000000014bb000 Exception <a 'java/lang/NoClassDefFoundError'> (0x00000000d62ee6a0) thrown at [C:\re\workspace\8-2-build-windows-amd64-cygwin\jdk8u102\7268\hotspot\src\share\vm\prims\jvm.cpp, line 1390]
Event: 10.113 Thread 0x00000000014bb000 Exception <a 'java/lang/NoClassDefFoundError': javax/annotation/Priority> (0x00000000d62f73e8) thrown at [C:\re\workspace\8-2-build-windows-amd64-cygwin\jdk8u102\7268\hotspot\src\share\vm\classfile\systemDictionary.cpp, line 199]
Event: 10.253 Thread 0x00000000014bb000 Implicit null exception at 0x0000000007a9ff16 to 0x0000000007aa0099

Events (10 events):
Event: 11.326 Thread 0x0000000002e26800 flushing nmethod 0x00000000079cb810
Event: 11.326 Thread 0x0000000002e26800 flushing nmethod 0x00000000079d1b10
Event: 11.326 Thread 0x0000000002e26800 flushing nmethod 0x00000000079d2490
Event: 11.326 Thread 0x0000000002e26800 flushing nmethod 0x00000000079d2a90
Event: 11.326 Thread 0x0000000002e26800 flushing nmethod 0x00000000079e1190
Event: 11.326 Thread 0x0000000002e26800 flushing nmethod 0x0000000007a03ed0
Event: 11.364 Thread 0x0000000002e1f800 flushing nmethod 0x0000000007a5f210
Event: 11.373 Thread 0x0000000002e26800 flushing nmethod 0x0000000007b99650
Event: 11.373 Thread 0x0000000002e26800 flushing nmethod 0x0000000007bc4dd0
Event: 11.373 Thread 0x0000000002e26800 flushing nmethod 0x0000000007bf5e10


Dynamic libraries:
0x00007ff774000000 - 0x00007ff774037000 	C:\Program Files\Java\jre1.8.0_102\bin\javaw.exe
0x00007ffc85ea0000 - 0x00007ffc86061000 	C:\windows\SYSTEM32\ntdll.dll
0x00007ffc83c50000 - 0x00007ffc83cfd000 	C:\windows\system32\KERNEL32.DLL
0x00007ffc82820000 - 0x00007ffc82a08000 	C:\windows\system32\KERNELBASE.dll
0x000000006e210000 - 0x000000006e299000 	C:\windows\System32\SYSFER.DLL
0x00007ffc83f90000 - 0x00007ffc84037000 	C:\windows\system32\ADVAPI32.dll
0x00007ffc85800000 - 0x00007ffc8589d000 	C:\windows\system32\msvcrt.dll
0x00007ffc83700000 - 0x00007ffc8375b000 	C:\windows\system32\sechost.dll
0x00007ffc84120000 - 0x00007ffc8423c000 	C:\windows\system32\RPCRT4.dll
0x00007ffc85d40000 - 0x00007ffc85e96000 	C:\windows\system32\USER32.dll
0x00007ffc83570000 - 0x00007ffc836f7000 	C:\windows\system32\GDI32.dll
0x00007ffc783e0000 - 0x00007ffc78654000 	C:\windows\WinSxS\amd64_microsoft.windows.common-controls_6595b64144ccf1df_6.0.10586.839_none_a2ddba30a539a2ae\COMCTL32.dll
0x00007ffc832f0000 - 0x00007ffc8356e000 	C:\windows\system32\combase.dll
0x00007ffc82bc0000 - 0x00007ffc82c2a000 	C:\windows\system32\bcryptPrimitives.dll
0x00007ffc832a0000 - 0x00007ffc832db000 	C:\windows\system32\IMM32.DLL
0x00007ffc81260000 - 0x00007ffc813cb000 	C:\Program Files\Avecto\Privilege Guard Client\PGHook.dll
0x00007ffc81ea0000 - 0x00007ffc81eb7000 	C:\windows\SYSTEM32\CRYPTSP.dll
0x00007ffc81b30000 - 0x00007ffc81b64000 	C:\windows\system32\rsaenh.dll
0x00007ffc820c0000 - 0x00007ffc820e9000 	C:\windows\SYSTEM32\bcrypt.dll
0x00007ffc81fc0000 - 0x00007ffc81fcb000 	C:\windows\SYSTEM32\CRYPTBASE.dll
0x00007ffc84040000 - 0x00007ffc84048000 	C:\windows\system32\PSAPI.DLL
0x0000000068000000 - 0x0000000068059000 	C:\windows\System32\QIPCAP64.dll
0x00007ffc84240000 - 0x00007ffc8579c000 	C:\windows\system32\SHELL32.dll
0x00007ffc82550000 - 0x00007ffc82593000 	C:\windows\system32\cfgmgr32.dll
0x00007ffc82c50000 - 0x00007ffc83294000 	C:\windows\system32\windows.storage.dll
0x00007ffc857a0000 - 0x00007ffc857f2000 	C:\windows\system32\shlwapi.dll
0x00007ffc82540000 - 0x00007ffc8254f000 	C:\windows\system32\kernel.appcore.dll
0x00007ffc82a70000 - 0x00007ffc82b25000 	C:\windows\system32\shcore.dll
0x00007ffc824f0000 - 0x00007ffc8253b000 	C:\windows\system32\powrprof.dll
0x00007ffc824d0000 - 0x00007ffc824e4000 	C:\windows\system32\profapi.dll
0x00007ffc80b30000 - 0x00007ffc80bda000 	C:\windows\SYSTEM32\DNSAPI.dll
0x00007ffc83f20000 - 0x00007ffc83f8b000 	C:\windows\system32\WS2_32.dll
0x00007ffc832e0000 - 0x00007ffc832e8000 	C:\windows\system32\NSI.dll
0x000000006c440000 - 0x000000006c511000 	C:\Program Files\Java\jre1.8.0_102\bin\msvcr100.dll
0x000000006c6d0000 - 0x000000006cf6a000 	C:\Program Files\Java\jre1.8.0_102\bin\server\jvm.dll
0x00007ffc7e5f0000 - 0x00007ffc7e5f9000 	C:\windows\SYSTEM32\WSOCK32.dll
0x00007ffc80870000 - 0x00007ffc80893000 	C:\windows\SYSTEM32\WINMM.dll
0x00007ffc818a0000 - 0x00007ffc818aa000 	C:\windows\SYSTEM32\VERSION.dll
0x00007ffc80810000 - 0x00007ffc8083c000 	C:\windows\SYSTEM32\WINMMBASE.dll
0x000000006c6c0000 - 0x000000006c6cf000 	C:\Program Files\Java\jre1.8.0_102\bin\verify.dll
0x00007ffc59380000 - 0x00007ffc593e2000 	C:\Program Files\Manufacturer\Endpoint Agent\prntm64.dll
0x00007ffc83aa0000 - 0x00007ffc83be3000 	C:\windows\system32\ole32.dll
0x00007ffc818b0000 - 0x00007ffc818bc000 	C:\windows\SYSTEM32\Secur32.dll
0x00007ffc78350000 - 0x00007ffc783d4000 	C:\windows\SYSTEM32\WINSPOOL.DRV
0x000000006daa0000 - 0x000000006db38000 	C:\windows\SYSTEM32\MSVCP100.dll
0x00007ffc821d0000 - 0x00007ffc821fd000 	C:\windows\SYSTEM32\SSPICLI.DLL
0x000000006c690000 - 0x000000006c6b9000 	C:\Program Files\Java\jre1.8.0_102\bin\java.dll
0x000000006c670000 - 0x000000006c686000 	C:\Program Files\Java\jre1.8.0_102\bin\zip.dll
0x000000006c650000 - 0x000000006c66a000 	C:\Program Files\Java\jre1.8.0_102\bin\net.dll
0x00007ffc81df0000 - 0x00007ffc81e4c000 	C:\windows\system32\mswsock.dll
0x00007ffc74170000 - 0x00007ffc7417a000 	C:\Windows\System32\rasadhlp.dll
0x00007ffc7e300000 - 0x00007ffc7e367000 	C:\windows\System32\fwpuclnt.dll
0x00007ffc81c80000 - 0x00007ffc81c9f000 	C:\windows\SYSTEM32\USERENV.dll
0x00007ffc7ebe0000 - 0x00007ffc7ec18000 	C:\windows\SYSTEM32\IPHLPAPI.DLL
0x00007ffc7e050000 - 0x00007ffc7e066000 	C:\windows\SYSTEM32\dhcpcsvc6.DLL
0x00007ffc7e030000 - 0x00007ffc7e04a000 	C:\windows\SYSTEM32\dhcpcsvc.DLL
0x000000006c630000 - 0x000000006c641000 	C:\Program Files\Java\jre1.8.0_102\bin\nio.dll
0x000000006c5f0000 - 0x000000006c5fd000 	C:\Program Files\Java\jre1.8.0_102\bin\management.dll
0x00007ffc65e10000 - 0x00007ffc65e26000 	C:\windows\system32\napinsp.dll
0x00007ffc65df0000 - 0x00007ffc65e0a000 	C:\windows\system32\pnrpnsp.dll
0x00007ffc80590000 - 0x00007ffc805a8000 	C:\windows\system32\NLAapi.dll
0x00007ffc65e40000 - 0x00007ffc65e4d000 	C:\windows\System32\winrnr.dll
0x00007ffc65dd0000 - 0x00007ffc65de5000 	C:\windows\System32\wshbth.dll

VM Arguments:
jvm_args: -ea -Dfile.encoding=Cp1252 
java_command: org.testng.remote.RemoteTestNG -serport 49859 -protocol json -d C:\Chandresh_Documents\DroolsApiGradle\drools-api\root\application\test-output C:\Users\CHANDR~1.MIS\AppData\Local\Temp\testng-eclipse--188519467\testng-customsuite.xml
java_class_path (initial): C:\Users\chandresh.mishra\Downloads\eclipse-jee-oxygen-R-win32-x86_64\eclipse\configuration\org.eclipse.osgi\1171\0\.cp\lib\testng-remote.jar;C:\Chandresh_Documents\DroolsApiGradle\drools-api\root\application\bin;C:\Chandresh_Documents\DroolsApiGradle\drools-api\root\rules-api\bin;C:\Chandresh_Documents\DroolsApiGradle\drools-api\root\rules-domain\bin;C:\Users\chandresh.mishra\.gradle\caches\modules-2\files-2.1\org.apache.logging.log4j\log4j-api\2.6.1\d2ad7ee0b0450204d720b4bc3f99b50e208bf51e\log4j-api-2.6.1.jar;C:\Users\chandresh.mishra\.gradle\caches\modules-2\files-2.1\org.apache.logging.log4j\log4j-core\2.6.1\2b557bf1023c3a3a0f7f200fafcd7641b89cbb83\log4j-core-2.6.1.jar;C:\Users\chandresh.mishra\.gradle\caches\modules-2\files-2.1\org.springframework\spring-core\4.3.11.RELEASE\eb30ed093f628279d3aead068fd478fa343f1dad\spring-core-4.3.11.RELEASE.jar;C:\Users\chandresh.mishra\.gradle\caches\modules-2\files-2.1\org.springframework\spring-context\4.3.11.RELEASE\3efec2d7c7469d49108a2b21c3f15831f7297569\spring-context-4.3.11.RELEASE.jar;C:\Users\chandresh.mishra\.gradle\caches\modules-2\files-2.1\org.apache.commons\commons-collections4\4.0\da217367fd25e88df52ba79e47658d4cf928b0d1\commons-collections4-4.0.jar;C:\Users\chandresh.mishra\.gradle\caches\modules-2\files-2.1\org.drools\drools-core\7.1.0.Final\525f18a4b970720d218e10f15413b98192b6c203\drools-core-7.1.0.Final.jar;C:\Users\chandresh.mishra\.gradle\caches\modules-2\files-2.1\org.drools\drools-compiler\7.1.0.Final\5a037528e31ae34202c291e074af6248eb4c50d4\drools-compiler-7.1.0.Final.jar;C:\Users\chandresh.mishra\.gradle\caches\modules-2\files-2.1\org.kie\kie-api\7.1.0.Final\4d750e18baab0b007b2522908bc8b981f6781f26\kie-api-7.1.0.Final.jar;C:\Users\chandresh.mishra\.gradle\caches\modules-2\files-2.1\org.mvel\mvel2\2.3.1.Final\3b1a1cf9b3da25500e2703a9d7c26a486b3719f9\mvel2-2.3.1.Final.jar;C:\Users\chandresh.mishra\.gradle\caches\modules-2\files-2.1\org.kie\kie-ci\7.1.0.Final\8e5e34e183abc07c4
Launcher Type: SUN_STANDARD

Environment Variables:
JAVA_HOME=C:\Program Files\Java\jdk1.8.0_102
PATH=C:/Program Files/Java/jre1.8.0_102/bin/server;C:/Program Files/Java/jre1.8.0_102/bin;C:/Program Files/Java/jre1.8.0_102/lib/amd64;C:\ProgramData\Oracle\Java\javapath;C:\windows\system32;C:\windows;C:\windows\System32\Wbem;C:\windows\System32\WindowsPowerShell\v1.0\;C:\Program Files\Git\cmd;C:\Program Files (x86)\Heroku\bin;C:\Program Files (x86)\git\cmd;C:\Program Files (x86)\Git\cmd;C:\Program Files\Microsoft SQL Server\Client SDK\ODBC\110\Tools\Binn\;C:\Program Files (x86)\Microsoft SQL Server\120\Tools\Binn\;C:\Program Files\Microsoft SQL Server\120\Tools\Binn\;C:\Program Files\Microsoft SQL Server\120\DTS\Binn\;C:\Program Files (x86)\Microsoft SQL Server\120\Tools\Binn\ManagementStudio\;C:\Program Files (x86)\Microsoft SQL Server\120\DTS\Binn\;C:\Program Files\Intel\WiFi\bin\;C:\Program Files\Common Files\Intel\WirelessCommon\;C:\Program Files\nodejs\;C:\Program Files\Java\jdk1.8.0_102\bin;C:\Chandresh_Documents\apache-maven-3.3.9-bin\apache-maven-3.3.9\bin;C:\TachArch\apache-tomcat-9.0.0.M17-windows-x64\apache-tomcat-9.0.0.M17\bin;C:\Chandresh_Documents\spring-boot-cli-1.5.3.RELEASE-bin\spring-1.5.3.RELEASE\bin;C:\HMRC Tools\gradle-3.5-bin\gradle-3.5\bin;C:\HashiCorp\Vagrant\bin;C:\Program Files\MySQL\MySQL Utilities 1.6\;C:\Users\chandresh.mishra\AppData\Local\Programs\Python\Python36-32\Scripts\;C:\Users\chandresh.mishra\AppData\Local\Programs\Python\Python36-32\;C:\Program Files (x86)\Microsoft VS Code\bin;C:\Users\chandresh.mishra\AppData\Roaming\npm;C:\Users\chandresh.mishra\Downloads\eclipse-jee-oxygen-R-win32-x86_64\eclipse;
USERNAME=chandresh.mishra
OS=Windows_NT
PROCESSOR_IDENTIFIER=Intel64 Family 6 Model 61 Stepping 4, GenuineIntel



---------------  S Y S T E M  ---------------

OS: Windows 10.0 , 64 bit Build 10586 (10.0.10586.589)

CPU:total 4 (2 cores per cpu, 2 threads per core) family 6 model 61 stepping 4, cmov, cx8, fxsr, mmx, sse, sse2, sse3, ssse3, sse4.1, sse4.2, popcnt, avx, avx2, aes, clmul, erms, rtm, 3dnowpref, lzcnt, ht, tsc, tscinvbit, bmi1, bmi2, adx

Memory: 4k page, physical 8277456k(1169680k free), swap 13252924k(5624k free)

vm_info: Java HotSpot(TM) 64-Bit Server VM (25.102-b14) for windows-amd64 JRE (1.8.0_102-b14), built on Jun 22 2016 13:15:21 by "java_re" with MS VC++ 10.0 (VS2010)

time: Sun Oct 01 19:03:25 2017
elapsed time: 11 seconds (0d 0h 0m 11s)

