#
# There is insufficient memory for the Java Runtime Environment to continue.
# Native memory allocation (malloc) failed to allocate 1059056 bytes for Chunk::new
# Possible reasons:
#   The system is out of physical RAM or swap space
#   In 32 bit mode, the process size limit was hit
# Possible solutions:
#   Reduce memory load on the system
#   Increase physical memory or swap space
#   Check if swap backing store is full
#   Use 64 bit Java on a 64 bit OS
#   Decrease Java heap size (-Xmx/-Xms)
#   Decrease number of Java threads
#   Decrease Java thread stack sizes (-Xss)
#   Set larger code cache with -XX:ReservedCodeCacheSize=
# This output file may be truncated or incomplete.
#
#  Out of Memory Error (allocation.cpp:390), pid=14040, tid=0x000000000000379c
#
# JRE version: Java(TM) SE Runtime Environment (8.0_102-b14) (build 1.8.0_102-b14)
# Java VM: Java HotSpot(TM) 64-Bit Server VM (25.102-b14 mixed mode windows-amd64 compressed oops)
# Failed to write core dump. Minidumps are not enabled by default on client versions of Windows
#

---------------  T H R E A D  ---------------

Current thread (0x0000000018184000):  JavaThread "C2 CompilerThread0" daemon [_thread_in_native, id=14236, stack(0x00000000196d0000,0x00000000197d0000)]

Stack: [0x00000000196d0000,0x00000000197d0000]
[error occurred during error reporting (printing stack bounds), id 0xc0000005]

Native frames: (J=compiled Java code, j=interpreted, Vv=VM code, C=native code)


Current CompileTask:
C2:  11602 3796       4       java.net.URLClassLoader$1::run (5 bytes)


---------------  P R O C E S S  ---------------

Java Threads: ( => current thread )
  0x00000000181dc000 JavaThread "Service Thread" daemon [_thread_blocked, id=14492, stack(0x0000000019dd0000,0x0000000019ed0000)]
  0x000000001819c800 JavaThread "C1 CompilerThread2" daemon [_thread_blocked, id=7132, stack(0x00000000198d0000,0x00000000199d0000)]
  0x000000001818e000 JavaThread "C2 CompilerThread1" daemon [_thread_in_native, id=13372, stack(0x00000000197d0000,0x00000000198d0000)]
=>0x0000000018184000 JavaThread "C2 CompilerThread0" daemon [_thread_in_native, id=14236, stack(0x00000000196d0000,0x00000000197d0000)]
  0x000000001817f800 JavaThread "Attach Listener" daemon [_thread_blocked, id=1876, stack(0x00000000195d0000,0x00000000196d0000)]
  0x000000001817e000 JavaThread "Signal Dispatcher" daemon [_thread_blocked, id=15632, stack(0x00000000194d0000,0x00000000195d0000)]
  0x000000001816a800 JavaThread "Finalizer" daemon [_thread_blocked, id=10632, stack(0x00000000193d0000,0x00000000194d0000)]
  0x0000000003632800 JavaThread "Reference Handler" daemon [_thread_blocked, id=13044, stack(0x00000000192d0000,0x00000000193d0000)]
  0x0000000003544000 JavaThread "main" [_thread_in_Java, id=6440, stack(0x0000000003440000,0x0000000003540000)]

Other Threads:
  0x0000000018147800 VMThread [stack: 0x00000000191d0000,0x00000000192d0000] [id=14708]
  0x00000000199fb000 WatcherThread [stack: 0x0000000019ed0000,0x0000000019fd0000] [id=16396]

VM state:not at safepoint (normal execution)

VM Mutex/Monitor currently owned by a thread: None

Heap:
 PSYoungGen      total 71680K, used 11804K [0x00000000d5e00000, 0x00000000da900000, 0x0000000100000000)
  eden space 66560K, 10% used [0x00000000d5e00000,0x00000000d6487140,0x00000000d9f00000)
  from space 5120K, 100% used [0x00000000da400000,0x00000000da900000,0x00000000da900000)
  to   space 5120K, 0% used [0x00000000d9f00000,0x00000000d9f00000,0x00000000da400000)
 ParOldGen       total 87552K, used 35760K [0x0000000081a00000, 0x0000000086f80000, 0x00000000d5e00000)
  object space 87552K, 40% used [0x0000000081a00000,0x0000000083cec000,0x0000000086f80000)
 Metaspace       used 18853K, capacity 19452K, committed 19584K, reserved 1067008K
  class space    used 2235K, capacity 2415K, committed 2432K, reserved 1048576K

Card table byte_map: [0x0000000012a00000,0x0000000012e00000] byte_map_base: 0x00000000125f3000

Marking Bits: (ParMarkBitMap*) 0x000000007121a6c0
 Begin Bits: [0x00000000134b0000, 0x0000000015448000)
 End Bits:   [0x0000000015448000, 0x00000000173e0000)

Polling page: 0x0000000003270000

CodeCache: size=245760Kb used=14272Kb max_used=14284Kb free=231487Kb
 bounds [0x0000000003640000, 0x0000000004450000, 0x0000000012640000]
 total_blobs=4123 nmethods=3767 adapters=268
 compilation: enabled

Compilation events (10 events):
Event: 11.586 Thread 0x000000001819c800 3810       3       com.sun.tools.javac.util.ArrayUtils::ensureCapacity (30 bytes)
Event: 11.586 Thread 0x000000001819c800 nmethod 3810 0x0000000003742710 code [0x00000000037428a0, 0x0000000003742c48]
Event: 11.586 Thread 0x000000001819c800 3811       3       com.sun.tools.javac.util.List::nil (4 bytes)
Event: 11.586 Thread 0x000000001819c800 nmethod 3811 0x0000000003759e90 code [0x0000000003759fe0, 0x000000000375a110]
Event: 11.586 Thread 0x000000001819c800 3812       3       com.sun.tools.javac.code.AnnoConstruct::<init> (5 bytes)
Event: 11.586 Thread 0x000000001819c800 nmethod 3812 0x0000000004432990 code [0x0000000004432ae0, 0x0000000004432c90]
Event: 11.586 Thread 0x000000001819c800 3813       3       com.sun.tools.javac.util.Names::fromString (9 bytes)
Event: 11.587 Thread 0x000000001819c800 nmethod 3813 0x0000000004432090 code [0x0000000004432220, 0x0000000004432758]
Event: 11.587 Thread 0x000000001819c800 3814       3       com.sun.tools.javac.util.Assert::check (8 bytes)
Event: 11.587 Thread 0x000000001819c800 nmethod 3814 0x0000000004431b50 code [0x0000000004431cc0, 0x0000000004431f48]

GC Heap History (10 events):
Event: 5.518 GC heap before
{Heap before GC invocations=4 (full 0):
 PSYoungGen      total 38400K, used 38384K [0x00000000d5e00000, 0x00000000da900000, 0x0000000100000000)
  eden space 33280K, 100% used [0x00000000d5e00000,0x00000000d7e80000,0x00000000d7e80000)
  from space 5120K, 99% used [0x00000000d7e80000,0x00000000d837c050,0x00000000d8380000)
  to   space 5120K, 0% used [0x00000000da400000,0x00000000da400000,0x00000000da900000)
 ParOldGen       total 87552K, used 4807K [0x0000000081a00000, 0x0000000086f80000, 0x00000000d5e00000)
  object space 87552K, 5% used [0x0000000081a00000,0x0000000081eb1c58,0x0000000086f80000)
 Metaspace       used 14625K, capacity 14848K, committed 14976K, reserved 1062912K
  class space    used 1790K, capacity 1880K, committed 1920K, reserved 1048576K
Event: 5.530 GC heap after
Heap after GC invocations=4 (full 0):
 PSYoungGen      total 71680K, used 5104K [0x00000000d5e00000, 0x00000000da900000, 0x0000000100000000)
  eden space 66560K, 0% used [0x00000000d5e00000,0x00000000d5e00000,0x00000000d9f00000)
  from space 5120K, 99% used [0x00000000da400000,0x00000000da8fc010,0x00000000da900000)
  to   space 5120K, 0% used [0x00000000d9f00000,0x00000000d9f00000,0x00000000da400000)
 ParOldGen       total 87552K, used 8350K [0x0000000081a00000, 0x0000000086f80000, 0x00000000d5e00000)
  object space 87552K, 9% used [0x0000000081a00000,0x0000000082227a80,0x0000000086f80000)
 Metaspace       used 14625K, capacity 14848K, committed 14976K, reserved 1062912K
  class space    used 1790K, capacity 1880K, committed 1920K, reserved 1048576K
}
Event: 6.469 GC heap before
{Heap before GC invocations=5 (full 0):
 PSYoungGen      total 71680K, used 71664K [0x00000000d5e00000, 0x00000000da900000, 0x0000000100000000)
  eden space 66560K, 100% used [0x00000000d5e00000,0x00000000d9f00000,0x00000000d9f00000)
  from space 5120K, 99% used [0x00000000da400000,0x00000000da8fc010,0x00000000da900000)
  to   space 5120K, 0% used [0x00000000d9f00000,0x00000000d9f00000,0x00000000da400000)
 ParOldGen       total 87552K, used 8350K [0x0000000081a00000, 0x0000000086f80000, 0x00000000d5e00000)
  object space 87552K, 9% used [0x0000000081a00000,0x0000000082227a80,0x0000000086f80000)
 Metaspace       used 14926K, capacity 15192K, committed 15488K, reserved 1062912K
  class space    used 1793K, capacity 1884K, committed 1920K, reserved 1048576K
Event: 6.493 GC heap after
Heap after GC invocations=5 (full 0):
 PSYoungGen      total 71680K, used 5104K [0x00000000d5e00000, 0x00000000da900000, 0x0000000100000000)
  eden space 66560K, 0% used [0x00000000d5e00000,0x00000000d5e00000,0x00000000d9f00000)
  from space 5120K, 99% used [0x00000000d9f00000,0x00000000da3fc010,0x00000000da400000)
  to   space 5120K, 0% used [0x00000000da400000,0x00000000da400000,0x00000000da900000)
 ParOldGen       total 87552K, used 14983K [0x0000000081a00000, 0x0000000086f80000, 0x00000000d5e00000)
  object space 87552K, 17% used [0x0000000081a00000,0x00000000828a1f18,0x0000000086f80000)
 Metaspace       used 14926K, capacity 15192K, committed 15488K, reserved 1062912K
  class space    used 1793K, capacity 1884K, committed 1920K, reserved 1048576K
}
Event: 7.416 GC heap before
{Heap before GC invocations=6 (full 0):
 PSYoungGen      total 71680K, used 71664K [0x00000000d5e00000, 0x00000000da900000, 0x0000000100000000)
  eden space 66560K, 100% used [0x00000000d5e00000,0x00000000d9f00000,0x00000000d9f00000)
  from space 5120K, 99% used [0x00000000d9f00000,0x00000000da3fc010,0x00000000da400000)
  to   space 5120K, 0% used [0x00000000da400000,0x00000000da400000,0x00000000da900000)
 ParOldGen       total 87552K, used 14983K [0x0000000081a00000, 0x0000000086f80000, 0x00000000d5e00000)
  object space 87552K, 17% used [0x0000000081a00000,0x00000000828a1f18,0x0000000086f80000)
 Metaspace       used 15400K, capacity 15680K, committed 15744K, reserved 1062912K
  class space    used 1819K, capacity 1920K, committed 1920K, reserved 1048576K
Event: 7.451 GC heap after
Heap after GC invocations=6 (full 0):
 PSYoungGen      total 71680K, used 5088K [0x00000000d5e00000, 0x00000000da900000, 0x0000000100000000)
  eden space 66560K, 0% used [0x00000000d5e00000,0x00000000d5e00000,0x00000000d9f00000)
  from space 5120K, 99% used [0x00000000da400000,0x00000000da8f8020,0x00000000da900000)
  to   space 5120K, 0% used [0x00000000d9f00000,0x00000000d9f00000,0x00000000da400000)
 ParOldGen       total 87552K, used 22688K [0x0000000081a00000, 0x0000000086f80000, 0x00000000d5e00000)
  object space 87552K, 25% used [0x0000000081a00000,0x0000000083028218,0x0000000086f80000)
 Metaspace       used 15400K, capacity 15680K, committed 15744K, reserved 1062912K
  class space    used 1819K, capacity 1920K, committed 1920K, reserved 1048576K
}
Event: 9.030 GC heap before
{Heap before GC invocations=7 (full 0):
 PSYoungGen      total 71680K, used 71648K [0x00000000d5e00000, 0x00000000da900000, 0x0000000100000000)
  eden space 66560K, 100% used [0x00000000d5e00000,0x00000000d9f00000,0x00000000d9f00000)
  from space 5120K, 99% used [0x00000000da400000,0x00000000da8f8020,0x00000000da900000)
  to   space 5120K, 0% used [0x00000000d9f00000,0x00000000d9f00000,0x00000000da400000)
 ParOldGen       total 87552K, used 22688K [0x0000000081a00000, 0x0000000086f80000, 0x00000000d5e00000)
  object space 87552K, 25% used [0x0000000081a00000,0x0000000083028218,0x0000000086f80000)
 Metaspace       used 16585K, capacity 17018K, committed 17280K, reserved 1064960K
  class space    used 1953K, capacity 2070K, committed 2176K, reserved 1048576K
Event: 9.066 GC heap after
Heap after GC invocations=7 (full 0):
 PSYoungGen      total 71680K, used 5120K [0x00000000d5e00000, 0x00000000da900000, 0x0000000100000000)
  eden space 66560K, 0% used [0x00000000d5e00000,0x00000000d5e00000,0x00000000d9f00000)
  from space 5120K, 100% used [0x00000000d9f00000,0x00000000da400000,0x00000000da400000)
  to   space 5120K, 0% used [0x00000000da400000,0x00000000da400000,0x00000000da900000)
 ParOldGen       total 87552K, used 30506K [0x0000000081a00000, 0x0000000086f80000, 0x00000000d5e00000)
  object space 87552K, 34% used [0x0000000081a00000,0x00000000837ca8c8,0x0000000086f80000)
 Metaspace       used 16585K, capacity 17018K, committed 17280K, reserved 1064960K
  class space    used 1953K, capacity 2070K, committed 2176K, reserved 1048576K
}
Event: 11.251 GC heap before
{Heap before GC invocations=8 (full 0):
 PSYoungGen      total 71680K, used 71680K [0x00000000d5e00000, 0x00000000da900000, 0x0000000100000000)
  eden space 66560K, 100% used [0x00000000d5e00000,0x00000000d9f00000,0x00000000d9f00000)
  from space 5120K, 100% used [0x00000000d9f00000,0x00000000da400000,0x00000000da400000)
  to   space 5120K, 0% used [0x00000000da400000,0x00000000da400000,0x00000000da900000)
 ParOldGen       total 87552K, used 30506K [0x0000000081a00000, 0x0000000086f80000, 0x00000000d5e00000)
  object space 87552K, 34% used [0x0000000081a00000,0x00000000837ca8c8,0x0000000086f80000)
 Metaspace       used 17219K, capacity 17672K, committed 17920K, reserved 1064960K
  class space    used 2005K, capacity 2183K, committed 2304K, reserved 1048576K
Event: 11.279 GC heap after
Heap after GC invocations=8 (full 0):
 PSYoungGen      total 71680K, used 5120K [0x00000000d5e00000, 0x00000000da900000, 0x0000000100000000)
  eden space 66560K, 0% used [0x00000000d5e00000,0x00000000d5e00000,0x00000000d9f00000)
  from space 5120K, 100% used [0x00000000da400000,0x00000000da900000,0x00000000da900000)
  to   space 5120K, 0% used [0x00000000d9f00000,0x00000000d9f00000,0x00000000da400000)
 ParOldGen       total 87552K, used 35760K [0x0000000081a00000, 0x0000000086f80000, 0x00000000d5e00000)
  object space 87552K, 40% used [0x0000000081a00000,0x0000000083cec000,0x0000000086f80000)
 Metaspace       used 17219K, capacity 17672K, committed 17920K, reserved 1064960K
  class space    used 2005K, capacity 2183K, committed 2304K, reserved 1048576K
}

Deoptimization events (10 events):
Event: 9.725 Thread 0x0000000003544000 Uncommon trap: reason=unstable_if action=reinterpret pc=0x00000000041dcdac method=org.eclipse.aether.util.graph.transformer.ConflictResolver$State.push(Lorg/eclipse/aether/graph/DependencyNode;Ljava/lang/Object;)Z @ 1
Event: 9.725 Thread 0x0000000003544000 Uncommon trap: reason=unstable_if action=reinterpret pc=0x000000000418dc8c method=org.eclipse.aether.util.graph.transformer.ConflictResolver$State.scope(Lorg/eclipse/aether/graph/Dependency;)Ljava/lang/String; @ 1
Event: 9.733 Thread 0x0000000003544000 Uncommon trap: reason=unstable_if action=reinterpret pc=0x000000000428cf4c method=java.util.HashMap.getNode(ILjava/lang/Object;)Ljava/util/HashMap$Node; @ 53
Event: 9.733 Thread 0x0000000003544000 Uncommon trap: reason=unstable_if action=reinterpret pc=0x0000000003a085c4 method=java.util.HashMap.getNode(ILjava/lang/Object;)Ljava/util/HashMap$Node; @ 53
Event: 10.108 Thread 0x0000000003544000 Uncommon trap: reason=null_check action=make_not_entrant pc=0x00000000043335a0 method=org.codehaus.plexus.util.xml.Xpp3Dom.mergeIntoXpp3Dom(Lorg/codehaus/plexus/util/xml/Xpp3Dom;Lorg/codehaus/plexus/util/xml/Xpp3Dom;Ljava/lang/Boolean;)V @ 146
Event: 10.438 Thread 0x0000000003544000 Uncommon trap: reason=unstable_if action=reinterpret pc=0x00000000041c16cc method=org.codehaus.plexus.classworlds.realm.Entry.matches(Ljava/lang/String;)Z @ 165
Event: 10.488 Thread 0x0000000003544000 Uncommon trap: reason=bimorphic action=maybe_recompile pc=0x0000000003be2024 method=java.util.regex.Pattern$CharProperty.match(Ljava/util/regex/Matcher;ILjava/lang/CharSequence;)Z @ 37
Event: 11.238 Thread 0x0000000003544000 Uncommon trap: reason=unstable_if action=reinterpret pc=0x00000000041d3970 method=com.google.inject.internal.InjectorImpl.callInContext(Lcom/google/inject/internal/ContextualCallable;)Ljava/lang/Object; @ 161
Event: 11.240 Thread 0x0000000003544000 Uncommon trap: reason=unstable_if action=reinterpret pc=0x00000000042060b4 method=com.google.inject.internal.InjectorImpl.callInContext(Lcom/google/inject/internal/ContextualCallable;)Ljava/lang/Object; @ 161
Event: 11.369 Thread 0x0000000003544000 Uncommon trap: reason=unstable_if action=reinterpret pc=0x000000000375f588 method=java.net.URI.match(CJJ)Z @ 19

Internal exceptions (10 events):
Event: 8.618 Thread 0x0000000003544000 Exception <a 'java/lang/NullPointerException'> (0x00000000d7daf2c0) thrown at [C:\re\workspace\8-2-build-windows-amd64-cygwin\jdk8u102\7268\hotspot\src\share\vm\interpreter\linkResolver.cpp, line 1178]
Event: 8.618 Thread 0x0000000003544000 Exception <a 'java/lang/NullPointerException'> (0x00000000d7daf6c0) thrown at [C:\re\workspace\8-2-build-windows-amd64-cygwin\jdk8u102\7268\hotspot\src\share\vm\interpreter\linkResolver.cpp, line 1178]
Event: 8.618 Thread 0x0000000003544000 Exception <a 'java/lang/NullPointerException'> (0x00000000d7dafac0) thrown at [C:\re\workspace\8-2-build-windows-amd64-cygwin\jdk8u102\7268\hotspot\src\share\vm\interpreter\linkResolver.cpp, line 1178]
Event: 9.305 Thread 0x0000000003544000 Implicit null exception at 0x00000000042a06cb to 0x00000000042a3ecd
Event: 9.725 Thread 0x0000000003544000 Implicit null exception at 0x00000000041da519 to 0x00000000041dcd91
Event: 9.725 Thread 0x0000000003544000 Implicit null exception at 0x000000000418d98b to 0x000000000418dc71
Event: 10.108 Thread 0x0000000003544000 Implicit null exception at 0x000000000432fe21 to 0x0000000004333595
Event: 11.238 Thread 0x0000000003544000 Implicit null exception at 0x00000000041d2427 to 0x00000000041d3955
Event: 11.240 Thread 0x0000000003544000 Implicit null exception at 0x0000000004204d95 to 0x00000000042060a2
Event: 11.368 Thread 0x0000000003544000 Exception <a 'java/lang/ClassNotFoundException': com/sun/tools/javac/api/JavacTool> (0x00000000d5f168f0) thrown at [C:\re\workspace\8-2-build-windows-amd64-cygwin\jdk8u102\7268\hotspot\src\share\vm\classfile\systemDictionary.cpp, line 210]

Events (10 events):
Event: 11.591 loading class com/sun/tools/javac/code/Types$4
Event: 11.591 loading class com/sun/tools/javac/code/Types$4 done
Event: 11.591 loading class com/sun/tools/javac/code/Types$LooseSameTypeVisitor
Event: 11.591 loading class com/sun/tools/javac/code/Types$LooseSameTypeVisitor done
Event: 11.591 loading class com/sun/tools/javac/code/Types$SameTypeVisitor
Event: 11.591 loading class com/sun/tools/javac/code/Types$SameTypeVisitor done
Event: 11.592 loading class com/sun/tools/javac/code/Types$5
Event: 11.592 loading class com/sun/tools/javac/code/Types$5 done
Event: 11.592 loading class com/sun/tools/javac/code/Types$6
Event: 11.592 loading class com/sun/tools/javac/code/Types$6 done


Dynamic libraries:
0x00007ff681210000 - 0x00007ff681247000 	C:\Program Files\Java\jdk1.8.0_102\bin\javaw.exe
0x00007ffe7df30000 - 0x00007ffe7e0f1000 	C:\windows\SYSTEM32\ntdll.dll
0x00007ffe7dca0000 - 0x00007ffe7dd4d000 	C:\windows\system32\KERNEL32.DLL
0x00007ffe7a820000 - 0x00007ffe7aa08000 	C:\windows\system32\KERNELBASE.dll
0x0000000073a70000 - 0x0000000073af9000 	C:\windows\System32\SYSFER.DLL
0x00007ffe7d580000 - 0x00007ffe7d627000 	C:\windows\system32\ADVAPI32.dll
0x00007ffe7db50000 - 0x00007ffe7dbed000 	C:\windows\system32\msvcrt.dll
0x00007ffe7ce00000 - 0x00007ffe7ce5b000 	C:\windows\system32\sechost.dll
0x00007ffe7da30000 - 0x00007ffe7db4c000 	C:\windows\system32\RPCRT4.dll
0x00007ffe7c890000 - 0x00007ffe7c9e6000 	C:\windows\system32\USER32.dll
0x00007ffe7c9f0000 - 0x00007ffe7cb77000 	C:\windows\system32\GDI32.dll
0x00007ffe6e280000 - 0x00007ffe6e4f4000 	C:\windows\WinSxS\amd64_microsoft.windows.common-controls_6595b64144ccf1df_6.0.10586.839_none_a2ddba30a539a2ae\COMCTL32.dll
0x00007ffe7cb80000 - 0x00007ffe7cdfe000 	C:\windows\system32\combase.dll
0x00007ffe7aa10000 - 0x00007ffe7aa7a000 	C:\windows\system32\bcryptPrimitives.dll
0x00007ffe7dbf0000 - 0x00007ffe7dc2b000 	C:\windows\system32\IMM32.DLL
0x00007ffe792f0000 - 0x00007ffe7945b000 	C:\Program Files\Avecto\Privilege Guard Client\PGHook.dll
0x00007ffe79f30000 - 0x00007ffe79f47000 	C:\windows\SYSTEM32\CRYPTSP.dll
0x00007ffe79bc0000 - 0x00007ffe79bf4000 	C:\windows\system32\rsaenh.dll
0x00007ffe7a150000 - 0x00007ffe7a179000 	C:\windows\SYSTEM32\bcrypt.dll
0x00007ffe7a050000 - 0x00007ffe7a05b000 	C:\windows\SYSTEM32\CRYPTBASE.dll
0x00007ffe7d410000 - 0x00007ffe7d418000 	C:\windows\system32\PSAPI.DLL
0x0000000068000000 - 0x0000000068059000 	C:\windows\System32\QIPCAP64.dll
0x00007ffe7b330000 - 0x00007ffe7c88c000 	C:\windows\system32\SHELL32.dll
0x00007ffe7a7d0000 - 0x00007ffe7a813000 	C:\windows\system32\cfgmgr32.dll
0x00007ffe7aa80000 - 0x00007ffe7b0c4000 	C:\windows\system32\windows.storage.dll
0x00007ffe7d630000 - 0x00007ffe7d682000 	C:\windows\system32\shlwapi.dll
0x00007ffe7a550000 - 0x00007ffe7a55f000 	C:\windows\system32\kernel.appcore.dll
0x00007ffe7a600000 - 0x00007ffe7a6b5000 	C:\windows\system32\shcore.dll
0x00007ffe7a570000 - 0x00007ffe7a5bb000 	C:\windows\system32\powrprof.dll
0x00007ffe7a5c0000 - 0x00007ffe7a5d4000 	C:\windows\system32\profapi.dll
0x00007ffe78bc0000 - 0x00007ffe78c6a000 	C:\windows\SYSTEM32\DNSAPI.dll
0x00007ffe7d760000 - 0x00007ffe7d7cb000 	C:\windows\system32\WS2_32.dll
0x00007ffe7ce60000 - 0x00007ffe7ce68000 	C:\windows\system32\NSI.dll
0x0000000072330000 - 0x0000000072401000 	C:\Program Files\Java\jdk1.8.0_102\jre\bin\msvcr100.dll
0x0000000070a00000 - 0x000000007129a000 	C:\Program Files\Java\jdk1.8.0_102\jre\bin\server\jvm.dll
0x00007ffe74ad0000 - 0x00007ffe74ad9000 	C:\windows\SYSTEM32\WSOCK32.dll
0x00007ffe78900000 - 0x00007ffe78923000 	C:\windows\SYSTEM32\WINMM.dll
0x00007ffe79910000 - 0x00007ffe7991a000 	C:\windows\SYSTEM32\VERSION.dll
0x00007ffe788a0000 - 0x00007ffe788cc000 	C:\windows\SYSTEM32\WINMMBASE.dll
0x0000000072320000 - 0x000000007232f000 	C:\Program Files\Java\jdk1.8.0_102\jre\bin\verify.dll
0x00000000722f0000 - 0x0000000072319000 	C:\Program Files\Java\jdk1.8.0_102\jre\bin\java.dll
0x00007ffe53c90000 - 0x00007ffe53cf2000 	C:\Program Files\Manufacturer\Endpoint Agent\prntm64.dll
0x00007ffe7d2a0000 - 0x00007ffe7d3e3000 	C:\windows\system32\ole32.dll
0x00007ffe79940000 - 0x00007ffe7994c000 	C:\windows\SYSTEM32\Secur32.dll
0x00007ffe6da70000 - 0x00007ffe6daf4000 	C:\windows\SYSTEM32\WINSPOOL.DRV
0x0000000073570000 - 0x0000000073608000 	C:\windows\SYSTEM32\MSVCP100.dll
0x00007ffe7a260000 - 0x00007ffe7a28d000 	C:\windows\SYSTEM32\SSPICLI.DLL
0x00000000722d0000 - 0x00000000722e6000 	C:\Program Files\Java\jdk1.8.0_102\jre\bin\zip.dll
0x00000000722b0000 - 0x00000000722ca000 	C:\Program Files\Java\jdk1.8.0_102\jre\bin\net.dll
0x00007ffe79e80000 - 0x00007ffe79edc000 	C:\windows\system32\mswsock.dll
0x0000000072290000 - 0x00000000722a1000 	C:\Program Files\Java\jdk1.8.0_102\jre\bin\nio.dll

VM Arguments:
jvm_args: -Dmaven.home=EMBEDDED -Dclassworlds.conf=C:\Chandresh_Documents\DroolsProject\.metadata\.plugins\org.eclipse.m2e.launching\launches\m2conf3965472942926701441.tmp -Dmaven.multiModuleProjectDirectory=C:\Chandresh_Documents\DroolsProject\root -Dfile.encoding=Cp1252 
java_command: org.codehaus.plexus.classworlds.launcher.Launcher -B -s C:\Users\chandresh.mishra\.m2\repository\settings.xml clean package install -U
java_class_path (initial): /C:/Users/chandresh.mishra/Downloads/eclipse-jee-oxygen-R-win32-x86_64/eclipse/plugins/org.eclipse.m2e.maven.runtime_1.8.0.20170516-2042/jars/plexus-classworlds-2.5.2.jar
Launcher Type: SUN_STANDARD

Environment Variables:
JAVA_HOME=C:\Program Files\Java\jdk1.8.0_102
PATH=C:/Program Files/Java/jre1.8.0_102/bin/server;C:/Program Files/Java/jre1.8.0_102/bin;C:/Program Files/Java/jre1.8.0_102/lib/amd64;C:\ProgramData\Oracle\Java\javapath;C:\windows\system32;C:\windows;C:\windows\System32\Wbem;C:\windows\System32\WindowsPowerShell\v1.0\;C:\Program Files\Git\cmd;C:\Program Files (x86)\Heroku\bin;C:\Program Files (x86)\git\cmd;C:\Program Files (x86)\Git\cmd;C:\Program Files\Microsoft SQL Server\Client SDK\ODBC\110\Tools\Binn\;C:\Program Files (x86)\Microsoft SQL Server\120\Tools\Binn\;C:\Program Files\Microsoft SQL Server\120\Tools\Binn\;C:\Program Files\Microsoft SQL Server\120\DTS\Binn\;C:\Program Files (x86)\Microsoft SQL Server\120\Tools\Binn\ManagementStudio\;C:\Program Files (x86)\Microsoft SQL Server\120\DTS\Binn\;C:\Program Files\Intel\WiFi\bin\;C:\Program Files\Common Files\Intel\WirelessCommon\;C:\Program Files\nodejs\;C:\Program Files\Java\jdk1.8.0_102\bin;C:\Chandresh_Documents\apache-maven-3.3.9-bin\apache-maven-3.3.9\bin;C:\TachArch\apache-tomcat-9.0.0.M17-windows-x64\apache-tomcat-9.0.0.M17\bin;C:\Chandresh_Documents\spring-boot-cli-1.5.3.RELEASE-bin\spring-1.5.3.RELEASE\bin;C:\HMRC Tools\gradle-3.5-bin\gradle-3.5\bin;C:\HashiCorp\Vagrant\bin;C:\Program Files\MySQL\MySQL Utilities 1.6\;C:\Users\chandresh.mishra\AppData\Local\Programs\Python\Python36-32\Scripts\;C:\Users\chandresh.mishra\AppData\Local\Programs\Python\Python36-32\;C:\Program Files (x86)\Microsoft VS Code\bin;C:\Users\chandresh.mishra\AppData\Roaming\npm;C:\Users\chandresh.mishra\Downloads\eclipse-jee-oxygen-R-win32-x86_64\eclipse;
USERNAME=chandresh.mishra
OS=Windows_NT
PROCESSOR_IDENTIFIER=Intel64 Family 6 Model 61 Stepping 4, GenuineIntel



---------------  S Y S T E M  ---------------

OS: Windows 10.0 , 64 bit Build 10586 (10.0.10586.589)

CPU:total 4 (2 cores per cpu, 2 threads per core) family 6 model 61 stepping 4, cmov, cx8, fxsr, mmx, sse, sse2, sse3, ssse3, sse4.1, sse4.2, popcnt, avx, avx2, aes, clmul, erms, rtm, 3dnowpref, lzcnt, ht, tsc, tscinvbit, bmi1, bmi2, adx

Memory: 4k page, physical 8277456k(1127184k free), swap 12519072k(5700k free)

vm_info: Java HotSpot(TM) 64-Bit Server VM (25.102-b14) for windows-amd64 JRE (1.8.0_102-b14), built on Jun 22 2016 13:15:21 by "java_re" with MS VC++ 10.0 (VS2010)

time: Sat Sep 16 19:43:40 2017
elapsed time: 11 seconds (0d 0h 0m 11s)

